2014-11-11 22:30:05 DEBUG http-8080-1 com.anucana.web.controllers.MiscellaneousController:19 -  -> showUserLoginHome ( [] )
2014-11-11 22:30:05 DEBUG http-8080-1 com.anucana.web.controllers.MiscellaneousController:26 -  <- showUserLoginHome() : ModelAndView: reference to view with name 'loginHome'; model is {userLogin=com.anucana.value.objects.UserLogin@fcd774} 
2014-11-11 22:30:07 DEBUG http-8080-2 com.anucana.web.controllers.MiscellaneousController:19 -  -> showUserLoginHome ( [] )
2014-11-11 22:30:07 DEBUG http-8080-2 com.anucana.web.controllers.MiscellaneousController:26 -  <- showUserLoginHome() : ModelAndView: reference to view with name 'loginHome'; model is {userLogin=com.anucana.value.objects.UserLogin@e92fe} 
2014-11-11 22:30:22 DEBUG http-8080-2 com.anucana.web.proxy.services.UserAuthenticationProxyService:19 -  -> loadUserByUsername ( [arv.sri.ggn@gmail.com] )
2014-11-11 22:30:22 DEBUG http-8080-2 com.anucana.web.common.WebConfigsProvider:19 -  -> getClientDetails ( [] )
2014-11-11 22:30:22 DEBUG http-8080-2 com.anucana.web.common.WebConfigsProvider:26 -  <- getClientDetails() : com.anucana.client.data.WebClientDetails@dbe76f 
2014-11-11 22:30:22 DEBUG http-8080-2 com.anucana.services.LoginService:19 -  -> getUserByUserName ( [com.anucana.service.contracts.ServiceRequest@18535cb, null, com.anucana.client.data.WebClientDetails@dbe76f] )
2014-11-11 22:30:22 DEBUG http-8080-2 com.anucana.persistence.dao.UserLoginDAOHibernate:19 -  -> findByUsername ( [arv.sri.ggn@gmail.com] )
2014-11-11 22:30:23 DEBUG http-8080-2 com.anucana.persistence.dao.UserLoginDAOHibernate:26 -  <- findByUsername() : com.anucana.persistence.entities.UserLoginEntity@eb909ff7 
2014-11-11 22:30:23 DEBUG http-8080-2 com.anucana.persistence.dao.UserRoleDAOHibernate:19 -  -> getUserRoles ( [arv.sri.ggn@gmail.com] )
2014-11-11 22:30:23 DEBUG http-8080-2 com.anucana.persistence.dao.UserRoleDAOHibernate:26 -  <- getUserRoles() : [com.anucana.persistence.entities.UserRoleEntity@15837e07, com.anucana.persistence.entities.UserRoleEntity@a96e1f51, com.anucana.persistence.entities.UserRoleEntity@2dfde0b3] 
2014-11-11 22:30:23 DEBUG http-8080-2 com.anucana.services.LoginService:26 -  <- getUserByUserName() : com.anucana.service.contracts.ServiceResponse@787c64 
2014-11-11 22:30:23 DEBUG http-8080-2 com.anucana.web.proxy.services.UserAuthenticationProxyService:26 -  <- loadUserByUsername() : com.anucana.web.user.data.WebUserDetails@ed8f27b2: Username: arv.sri.ggn@gmail.com; Password: [PROTECTED]; Enabled: true; AccountNonExpired: true; credentialsNonExpired: true; AccountNonLocked: true; Granted Authorities: ur_a,ur_cmo,ur_gu 
2014-11-11 22:30:23 DEBUG http-8080-2 com.anucana.web.beans.LoginSuccessHandler:19 -  -> onAuthenticationSuccess ( [FirewalledRequest[ org.apache.catalina.connector.RequestFacade@1ffaf15], org.springframework.security.web.context.HttpSessionSecurityContextRepository$SaveToSessionResponseWrapper@13f9f30, org.springframework.security.authentication.UsernamePasswordAuthenticationToken@dafb70f2: Principal: com.anucana.web.user.data.WebUserDetails@ed8f27b2: Username: arv.sri.ggn@gmail.com; Password: [PROTECTED]; Enabled: true; AccountNonExpired: true; credentialsNonExpired: true; AccountNonLocked: true; Granted Authorities: ur_a,ur_cmo,ur_gu; Credentials: [PROTECTED]; Authenticated: true; Details: org.springframework.security.web.authentication.WebAuthenticationDetails@166c8: RemoteIpAddress: 0:0:0:0:0:0:0:1; SessionId: 0DC8FF4A6308D8502F48A1B27B032C50; Granted Authorities: ur_a, ur_cmo, ur_gu] )
2014-11-11 22:30:23 DEBUG http-8080-2 com.anucana.web.beans.LoginFailureHandler:49 - Login Success. User : arv.sri.ggn@gmail.com
2014-11-11 22:30:23 DEBUG http-8080-2 com.anucana.web.common.WebConfigsProvider:19 -  -> getClientDetails ( [] )
2014-11-11 22:30:23 DEBUG http-8080-2 com.anucana.web.common.WebConfigsProvider:26 -  <- getClientDetails() : com.anucana.client.data.WebClientDetails@16fde80 
2014-11-11 22:30:23 DEBUG http-8080-2 com.anucana.services.LoginService:19 -  -> recordUserLoginHistory ( [com.anucana.service.contracts.ServiceRequest@17d2287, com.anucana.web.user.data.WebUserDetails@ed8f27b2: Username: arv.sri.ggn@gmail.com; Password: [PROTECTED]; Enabled: true; AccountNonExpired: true; credentialsNonExpired: true; AccountNonLocked: true; Granted Authorities: ur_a,ur_cmo,ur_gu, com.anucana.client.data.WebClientDetails@16fde80] )
2014-11-11 22:30:23 DEBUG http-8080-2 com.anucana.persistence.dao.UserLoginDAOHibernate:19 -  -> getUserWithLoginHistory ( [arv.sri.ggn@gmail.com] )
2014-11-11 22:30:23 DEBUG http-8080-2 com.anucana.persistence.dao.UserLoginDAOHibernate:26 -  <- getUserWithLoginHistory() : com.anucana.persistence.entities.UserLoginEntity@7fbfc7a6 
2014-11-11 22:30:23 DEBUG http-8080-2 com.anucana.persistence.dao.UserLoginHistoryDAOHibernate:19 -  -> save ( [com.anucana.persistence.entities.UserLoginHistoryEntity@b0d9b64d] )
2014-11-11 22:30:23 DEBUG http-8080-2 com.anucana.persistence.dao.UserLoginHistoryDAOHibernate:26 -  <- save() : null 
2014-11-11 22:30:23 DEBUG http-8080-2 com.anucana.services.LoginService:26 -  <- recordUserLoginHistory() : com.anucana.service.contracts.ServiceResponse@a49512 
2014-11-11 22:30:23 DEBUG http-8080-2 com.anucana.web.beans.LoginFailureHandler:71 - Post login redirect to  /event/unmanaged/home
2014-11-11 22:30:23 DEBUG http-8080-2 com.anucana.web.beans.LoginSuccessHandler:26 -  <- onAuthenticationSuccess() : null 
2014-11-11 22:30:23 DEBUG http-8080-2 com.anucana.web.controllers.EventController:19 -  -> showEventsHome ( [com.anucana.value.objects.EventSearch@1c3b761] )
2014-11-11 22:30:23 DEBUG http-8080-2 com.anucana.web.common.WebConfigsProvider:19 -  -> getClientDetails ( [] )
2014-11-11 22:30:23 DEBUG http-8080-2 com.anucana.web.common.WebConfigsProvider:26 -  <- getClientDetails() : com.anucana.client.data.WebClientDetails@1d0abf 
2014-11-11 22:30:23 DEBUG http-8080-2 com.anucana.services.EventService:19 -  -> getAllEventAddresses ( [com.anucana.web.user.data.WebUserDetails@ed8f27b2: Username: arv.sri.ggn@gmail.com; Password: [PROTECTED]; Enabled: true; AccountNonExpired: true; credentialsNonExpired: true; AccountNonLocked: true; Granted Authorities: ur_a,ur_cmo,ur_gu, com.anucana.client.data.WebClientDetails@1d0abf] )
2014-11-11 22:30:23 DEBUG http-8080-2 com.anucana.persistence.dao.EventDAOHibernate:19 -  -> findAll ( [] )
2014-11-11 22:30:23 DEBUG http-8080-2 com.anucana.persistence.dao.EventDAOHibernate:26 -  <- findAll() : [com.anucana.persistence.entities.EventEntity@d761f158, com.anucana.persistence.entities.EventEntity@c7de7463, com.anucana.persistence.entities.EventEntity@ff3fd375, com.anucana.persistence.entities.EventEntity@5de430dc] 
2014-11-11 22:30:23 DEBUG http-8080-2 com.anucana.persistence.dao.EventDAOHibernate:19 -  -> findById ( [3] )
2014-11-11 22:30:23 DEBUG http-8080-2 com.anucana.persistence.dao.EventDAOHibernate:26 -  <- findById() : com.anucana.persistence.entities.EventEntity@d761f158 
2014-11-11 22:30:23 DEBUG http-8080-2 com.anucana.persistence.dao.EventDAOHibernate:19 -  -> findById ( [1] )
2014-11-11 22:30:23 DEBUG http-8080-2 com.anucana.persistence.dao.EventDAOHibernate:26 -  <- findById() : com.anucana.persistence.entities.EventEntity@c7de7463 
2014-11-11 22:30:23 DEBUG http-8080-2 com.anucana.persistence.dao.EventDAOHibernate:19 -  -> findById ( [2] )
2014-11-11 22:30:23 DEBUG http-8080-2 com.anucana.persistence.dao.EventDAOHibernate:26 -  <- findById() : com.anucana.persistence.entities.EventEntity@ff3fd375 
2014-11-11 22:30:23 DEBUG http-8080-2 com.anucana.persistence.dao.EventDAOHibernate:19 -  -> findById ( [4] )
2014-11-11 22:30:23 DEBUG http-8080-2 com.anucana.persistence.dao.EventDAOHibernate:26 -  <- findById() : com.anucana.persistence.entities.EventEntity@5de430dc 
2014-11-11 22:30:23 DEBUG http-8080-2 com.anucana.services.EventService:26 -  <- getAllEventAddresses() : com.anucana.service.contracts.ServiceResponse@34f223 
2014-11-11 22:30:23 DEBUG http-8080-2 com.anucana.web.common.WebConfigsProvider:19 -  -> getClientDetails ( [] )
2014-11-11 22:30:23 DEBUG http-8080-2 com.anucana.web.common.WebConfigsProvider:26 -  <- getClientDetails() : com.anucana.client.data.WebClientDetails@61ee1b 
2014-11-11 22:30:24 DEBUG http-8080-2 com.anucana.services.CommunityService:19 -  -> searchCommunities ( [com.anucana.service.contracts.ServiceRequest@999587, com.anucana.web.user.data.WebUserDetails@ed8f27b2: Username: arv.sri.ggn@gmail.com; Password: [PROTECTED]; Enabled: true; AccountNonExpired: true; credentialsNonExpired: true; AccountNonLocked: true; Granted Authorities: ur_a,ur_cmo,ur_gu, com.anucana.client.data.WebClientDetails@61ee1b] )
2014-11-11 22:30:24 DEBUG http-8080-2 com.anucana.persistence.dao.CommunityDAOHibernate:19 -  -> findAll ( [] )
2014-11-11 22:30:24 DEBUG http-8080-2 com.anucana.persistence.dao.CommunityDAOHibernate:26 -  <- findAll() : [com.anucana.persistence.entities.CommunityEntity@75a259d7, com.anucana.persistence.entities.CommunityEntity@1635bdfa, com.anucana.persistence.entities.CommunityEntity@6ab7f580, com.anucana.persistence.entities.CommunityEntity@7f3639b5] 
2014-11-11 22:30:24 DEBUG http-8080-2 com.anucana.persistence.dao.CommunityDAOHibernate:19 -  -> findById ( [1] )
2014-11-11 22:30:24 DEBUG http-8080-2 com.anucana.persistence.dao.CommunityDAOHibernate:26 -  <- findById() : com.anucana.persistence.entities.CommunityEntity@75a259d7 
2014-11-11 22:30:24 DEBUG http-8080-2 com.anucana.persistence.dao.CommunityDAOHibernate:19 -  -> findById ( [2] )
2014-11-11 22:30:24 DEBUG http-8080-2 com.anucana.persistence.dao.CommunityDAOHibernate:26 -  <- findById() : com.anucana.persistence.entities.CommunityEntity@1635bdfa 
2014-11-11 22:30:24 DEBUG http-8080-2 com.anucana.persistence.dao.CommunityDAOHibernate:19 -  -> findById ( [3] )
2014-11-11 22:30:24 DEBUG http-8080-2 com.anucana.persistence.dao.CommunityDAOHibernate:26 -  <- findById() : com.anucana.persistence.entities.CommunityEntity@6ab7f580 
2014-11-11 22:30:24 DEBUG http-8080-2 com.anucana.persistence.dao.CommunityDAOHibernate:19 -  -> findById ( [4] )
2014-11-11 22:30:24 DEBUG http-8080-2 com.anucana.persistence.dao.CommunityDAOHibernate:26 -  <- findById() : com.anucana.persistence.entities.CommunityEntity@7f3639b5 
2014-11-11 22:30:24 DEBUG http-8080-2 com.anucana.services.CommunityService:26 -  <- searchCommunities() : com.anucana.service.contracts.ServiceResponse@86ab98 
2014-11-11 22:30:24 DEBUG http-8080-2 com.anucana.web.common.WebConfigsProvider:19 -  -> getClientDetails ( [] )
2014-11-11 22:30:24 DEBUG http-8080-2 com.anucana.web.common.WebConfigsProvider:26 -  <- getClientDetails() : com.anucana.client.data.WebClientDetails@9fab56 
2014-11-11 22:30:24 DEBUG http-8080-2 com.anucana.services.EventService:19 -  -> searchEvents ( [com.anucana.service.contracts.ServiceRequest@42f3a9, com.anucana.web.user.data.WebUserDetails@ed8f27b2: Username: arv.sri.ggn@gmail.com; Password: [PROTECTED]; Enabled: true; AccountNonExpired: true; credentialsNonExpired: true; AccountNonLocked: true; Granted Authorities: ur_a,ur_cmo,ur_gu, com.anucana.client.data.WebClientDetails@9fab56] )
2014-11-11 22:30:24 DEBUG http-8080-2 com.anucana.persistence.dao.EventDAOHibernate:19 -  -> findConditionally ( [0, 0, Tue Nov 11 22:30:24 IST 2014, Thu Dec 11 22:30:24 IST 2014] )
2014-11-11 22:30:24 DEBUG http-8080-2 com.anucana.persistence.dao.EventDAOHibernate:26 -  <- findConditionally() : [com.anucana.persistence.entities.EventEntity@369e3074, com.anucana.persistence.entities.EventEntity@3b54dbaa, com.anucana.persistence.entities.EventEntity@72b63abc, com.anucana.persistence.entities.EventEntity@9b646b66] 
2014-11-11 22:30:24 DEBUG http-8080-2 com.anucana.persistence.dao.EventDAOHibernate:19 -  -> findById ( [3] )
2014-11-11 22:30:24 DEBUG http-8080-2 com.anucana.persistence.dao.EventDAOHibernate:26 -  <- findById() : com.anucana.persistence.entities.EventEntity@369e3074 
2014-11-11 22:30:24 DEBUG http-8080-2 com.anucana.persistence.dao.EventDAOHibernate:19 -  -> findById ( [1] )
2014-11-11 22:30:24 DEBUG http-8080-2 com.anucana.persistence.dao.EventDAOHibernate:26 -  <- findById() : com.anucana.persistence.entities.EventEntity@3b54dbaa 
2014-11-11 22:30:24 DEBUG http-8080-2 com.anucana.persistence.dao.EventDAOHibernate:19 -  -> findById ( [2] )
2014-11-11 22:30:24 DEBUG http-8080-2 com.anucana.persistence.dao.EventDAOHibernate:26 -  <- findById() : com.anucana.persistence.entities.EventEntity@72b63abc 
2014-11-11 22:30:24 DEBUG http-8080-2 com.anucana.persistence.dao.EventDAOHibernate:19 -  -> findById ( [4] )
2014-11-11 22:30:24 DEBUG http-8080-2 com.anucana.persistence.dao.EventDAOHibernate:26 -  <- findById() : com.anucana.persistence.entities.EventEntity@9b646b66 
2014-11-11 22:30:24 DEBUG http-8080-2 com.anucana.services.MultimediaService:19 -  -> getImages ( [com.anucana.service.contracts.ServiceRequest@1ad453f, com.anucana.web.user.data.WebUserDetails@ed8f27b2: Username: arv.sri.ggn@gmail.com; Password: [PROTECTED]; Enabled: true; AccountNonExpired: true; credentialsNonExpired: true; AccountNonLocked: true; Granted Authorities: ur_a,ur_cmo,ur_gu, com.anucana.client.data.WebClientDetails@9fab56] )
2014-11-11 22:30:25 DEBUG http-8080-2 com.anucana.services.MultimediaService:26 -  <- getImages() : com.anucana.service.contracts.ServiceRequest@1ad453f 
2014-11-11 22:30:25 DEBUG http-8080-2 com.anucana.services.MultimediaService:19 -  -> getImages ( [com.anucana.service.contracts.ServiceRequest@1b32cda, com.anucana.web.user.data.WebUserDetails@ed8f27b2: Username: arv.sri.ggn@gmail.com; Password: [PROTECTED]; Enabled: true; AccountNonExpired: true; credentialsNonExpired: true; AccountNonLocked: true; Granted Authorities: ur_a,ur_cmo,ur_gu, com.anucana.client.data.WebClientDetails@9fab56] )
2014-11-11 22:30:26 DEBUG http-8080-2 com.anucana.services.MultimediaService:26 -  <- getImages() : com.anucana.service.contracts.ServiceRequest@1b32cda 
2014-11-11 22:30:26 DEBUG http-8080-2 com.anucana.services.MultimediaService:19 -  -> getImages ( [com.anucana.service.contracts.ServiceRequest@1c955b7, com.anucana.web.user.data.WebUserDetails@ed8f27b2: Username: arv.sri.ggn@gmail.com; Password: [PROTECTED]; Enabled: true; AccountNonExpired: true; credentialsNonExpired: true; AccountNonLocked: true; Granted Authorities: ur_a,ur_cmo,ur_gu, com.anucana.client.data.WebClientDetails@9fab56] )
2014-11-11 22:30:26 DEBUG http-8080-2 com.anucana.services.MultimediaService:26 -  <- getImages() : com.anucana.service.contracts.ServiceRequest@1c955b7 
2014-11-11 22:30:26 DEBUG http-8080-2 com.anucana.services.MultimediaService:19 -  -> getImages ( [com.anucana.service.contracts.ServiceRequest@1a8f49, com.anucana.web.user.data.WebUserDetails@ed8f27b2: Username: arv.sri.ggn@gmail.com; Password: [PROTECTED]; Enabled: true; AccountNonExpired: true; credentialsNonExpired: true; AccountNonLocked: true; Granted Authorities: ur_a,ur_cmo,ur_gu, com.anucana.client.data.WebClientDetails@9fab56] )
2014-11-11 22:30:27 DEBUG http-8080-2 com.anucana.services.MultimediaService:26 -  <- getImages() : com.anucana.service.contracts.ServiceRequest@1a8f49 
2014-11-11 22:30:27 DEBUG http-8080-2 com.anucana.services.EventService:26 -  <- searchEvents() : com.anucana.service.contracts.ServiceResponse@cd37f3 
2014-11-11 22:30:27 DEBUG http-8080-2 com.anucana.web.controllers.EventController:26 -  <- showEventsHome() : ModelAndView: reference to view with name 'eventsHome'; model is {addresses=[com.anucana.value.objects.Address@1c7bbfc], communities=[com.anucana.value.objects.Community@6d198, com.anucana.value.objects.Community@1aa6088, com.anucana.value.objects.Community@a78299, com.anucana.value.objects.Community@16f1ea2], events=[com.anucana.value.objects.Event@443e37, com.anucana.value.objects.Event@509953, com.anucana.value.objects.Event@1822cd2, com.anucana.value.objects.Event@14cb19e], eventSearch=com.anucana.value.objects.EventSearch@1c3b761, nextPage=false} 
2014-11-11 22:30:32 DEBUG http-8080-5 com.anucana.web.controllers.BookingController:19 -  -> bookEvent ( [com.anucana.value.objects.UserBooking@78618f] )
2014-11-11 22:30:32 DEBUG http-8080-5 com.anucana.web.common.WebConfigsProvider:19 -  -> getClientDetails ( [] )
2014-11-11 22:30:32 DEBUG http-8080-5 com.anucana.web.common.WebConfigsProvider:26 -  <- getClientDetails() : com.anucana.client.data.WebClientDetails@138ecf2 
2014-11-11 22:30:32 DEBUG http-8080-5 com.anucana.services.UserProfileService:19 -  -> searchProfiles ( [com.anucana.service.contracts.ServiceRequest@6c2df3, com.anucana.web.user.data.WebUserDetails@ed8f27b2: Username: arv.sri.ggn@gmail.com; Password: [PROTECTED]; Enabled: true; AccountNonExpired: true; credentialsNonExpired: true; AccountNonLocked: true; Granted Authorities: ur_a,ur_cmo,ur_gu, com.anucana.client.data.WebClientDetails@138ecf2] )
2014-11-11 22:30:32 DEBUG http-8080-5 com.anucana.persistence.dao.UserLoginDAOHibernate:19 -  -> findById ( [1] )
2014-11-11 22:30:32 DEBUG http-8080-5 com.anucana.persistence.dao.UserLoginDAOHibernate:26 -  <- findById() : com.anucana.persistence.entities.UserLoginEntity@7592a3e4 
2014-11-11 22:30:32 DEBUG http-8080-5 com.anucana.services.MultimediaService:19 -  -> getImages ( [com.anucana.service.contracts.ServiceRequest@16e6127, com.anucana.web.user.data.WebUserDetails@ed8f27b2: Username: arv.sri.ggn@gmail.com; Password: [PROTECTED]; Enabled: true; AccountNonExpired: true; credentialsNonExpired: true; AccountNonLocked: true; Granted Authorities: ur_a,ur_cmo,ur_gu, com.anucana.client.data.WebClientDetails@138ecf2] )
2014-11-11 22:30:33 DEBUG http-8080-5 com.anucana.services.MultimediaService:26 -  <- getImages() : com.anucana.service.contracts.ServiceRequest@16e6127 
2014-11-11 22:30:33 DEBUG http-8080-5 com.anucana.services.UserProfileService:26 -  <- searchProfiles() : com.anucana.service.contracts.ServiceResponse@dd75f 
2014-11-11 22:30:33 DEBUG http-8080-5 com.anucana.web.common.WebConfigsProvider:19 -  -> getClientDetails ( [] )
2014-11-11 22:30:33 DEBUG http-8080-5 com.anucana.web.common.WebConfigsProvider:26 -  <- getClientDetails() : com.anucana.client.data.WebClientDetails@862402 
2014-11-11 22:30:33 DEBUG http-8080-5 com.anucana.services.EventService:19 -  -> searchEvents ( [com.anucana.service.contracts.ServiceRequest@638da0, com.anucana.web.user.data.WebUserDetails@ed8f27b2: Username: arv.sri.ggn@gmail.com; Password: [PROTECTED]; Enabled: true; AccountNonExpired: true; credentialsNonExpired: true; AccountNonLocked: true; Granted Authorities: ur_a,ur_cmo,ur_gu, com.anucana.client.data.WebClientDetails@862402] )
2014-11-11 22:30:33 DEBUG http-8080-5 com.anucana.persistence.dao.EventDAOHibernate:19 -  -> findById ( [4] )
2014-11-11 22:30:33 DEBUG http-8080-5 com.anucana.persistence.dao.EventDAOHibernate:26 -  <- findById() : com.anucana.persistence.entities.EventEntity@9e19937b 
2014-11-11 22:30:33 DEBUG http-8080-5 com.anucana.services.EventService:26 -  <- searchEvents() : com.anucana.service.contracts.ServiceResponse@19ca1fb 
2014-11-11 22:30:33 DEBUG http-8080-5 com.anucana.web.common.WebConfigsProvider:19 -  -> getClientDetails ( [] )
2014-11-11 22:30:33 DEBUG http-8080-5 com.anucana.web.common.WebConfigsProvider:26 -  <- getClientDetails() : com.anucana.client.data.WebClientDetails@15bef6c 
2014-11-11 22:30:33 DEBUG http-8080-5 com.anucana.services.BookingService:19 -  -> applyBookingDetails ( [com.anucana.service.contracts.ServiceRequest@117a8df, com.anucana.web.user.data.WebUserDetails@ed8f27b2: Username: arv.sri.ggn@gmail.com; Password: [PROTECTED]; Enabled: true; AccountNonExpired: true; credentialsNonExpired: true; AccountNonLocked: true; Granted Authorities: ur_a,ur_cmo,ur_gu, com.anucana.client.data.WebClientDetails@15bef6c] )
2014-11-11 22:30:33 DEBUG http-8080-5 com.anucana.validation.implementations.EventBookingValidator:19 -  -> initialize ( [@com.anucana.validation.annotations.ValidEventBooking(message=, payload=[], groups=[interface com.anucana.validation.groups.NewBooking$BookingDetails])] )
2014-11-11 22:30:33 DEBUG http-8080-5 com.anucana.validation.implementations.EventBookingValidator:26 -  <- initialize() : null 
2014-11-11 22:30:33 DEBUG http-8080-5 com.anucana.validation.implementations.EventBookingValidator:19 -  -> isValid ( [com.anucana.value.objects.UserBooking@78618f, org.hibernate.validator.engine.ConstraintValidatorContextImpl@5eebbe] )
2014-11-11 22:30:33 DEBUG http-8080-5 com.anucana.persistence.dao.EventDAOHibernate:19 -  -> findById ( [4] )
2014-11-11 22:30:33 DEBUG http-8080-5 com.anucana.persistence.dao.EventDAOHibernate:26 -  <- findById() : com.anucana.persistence.entities.EventEntity@e1434ed5 
2014-11-11 22:30:33 DEBUG http-8080-5 com.anucana.persistence.dao.UserEventDAOHibernate:19 -  -> getEventBookedSeatsCount ( [4] )
2014-11-11 22:30:34 DEBUG http-8080-5 com.anucana.persistence.dao.UserEventDAOHibernate:26 -  <- getEventBookedSeatsCount() : 0 
2014-11-11 22:30:34 DEBUG http-8080-5 com.anucana.persistence.dao.UserEventDAOHibernate:19 -  -> findEnrolledUserEvents ( [4] )
2014-11-11 22:30:34 DEBUG http-8080-5 com.anucana.persistence.dao.UserEventDAOHibernate:26 -  <- findEnrolledUserEvents() : [com.anucana.persistence.entities.UserEventEntity@44944b39, com.anucana.persistence.entities.UserEventEntity@e74877da] 
2014-11-11 22:30:34 DEBUG http-8080-5 com.anucana.validation.implementations.EventBookingValidator:26 -  <- isValid() : true 
2014-11-11 22:30:34 DEBUG http-8080-5 com.anucana.validation.implementations.UserBookingValidator:19 -  -> initialize ( [@com.anucana.validation.annotations.ValidUserBooking(message=, payload=[], groups=[interface com.anucana.validation.groups.NewBooking$BookingDetails])] )
2014-11-11 22:30:34 DEBUG http-8080-5 com.anucana.validation.implementations.UserBookingValidator:26 -  <- initialize() : null 
2014-11-11 22:30:34 DEBUG http-8080-5 com.anucana.validation.implementations.UserBookingValidator:19 -  -> isValid ( [com.anucana.value.objects.UserBooking@78618f, org.hibernate.validator.engine.ConstraintValidatorContextImpl@8cd8f0] )
2014-11-11 22:30:34 DEBUG http-8080-5 com.anucana.persistence.dao.UserEventDAOHibernate:19 -  -> findUserEvents ( [1, 4] )
2014-11-11 22:30:34 DEBUG http-8080-5 com.anucana.persistence.dao.UserEventDAOHibernate:26 -  <- findUserEvents() : [com.anucana.persistence.entities.UserEventEntity@44944b39] 
2014-11-11 22:30:34 DEBUG http-8080-5 com.anucana.validation.implementations.UserBookingValidator:26 -  <- isValid() : false 
2014-11-11 22:30:34 DEBUG http-8080-5 com.anucana.services.BookingService:26 -  <- applyBookingDetails() : com.anucana.service.contracts.ServiceRequest@117a8df 
2014-11-11 22:30:34 DEBUG http-8080-5 com.anucana.web.common.WebConfigsProvider:19 -  -> getClientDetails ( [] )
2014-11-11 22:30:34 DEBUG http-8080-5 com.anucana.web.common.WebConfigsProvider:26 -  <- getClientDetails() : com.anucana.client.data.WebClientDetails@1179714 
2014-11-11 22:30:34 DEBUG http-8080-5 com.anucana.services.CommunityService:19 -  -> searchCommunities ( [com.anucana.service.contracts.ServiceRequest@14b5526, com.anucana.web.user.data.WebUserDetails@ed8f27b2: Username: arv.sri.ggn@gmail.com; Password: [PROTECTED]; Enabled: true; AccountNonExpired: true; credentialsNonExpired: true; AccountNonLocked: true; Granted Authorities: ur_a,ur_cmo,ur_gu, com.anucana.client.data.WebClientDetails@1179714] )
2014-11-11 22:30:34 DEBUG http-8080-5 com.anucana.persistence.dao.CommunityDAOHibernate:19 -  -> findAll ( [] )
2014-11-11 22:30:34 DEBUG http-8080-5 com.anucana.persistence.dao.CommunityDAOHibernate:26 -  <- findAll() : [com.anucana.persistence.entities.CommunityEntity@5832109e, com.anucana.persistence.entities.CommunityEntity@bb99b731, com.anucana.persistence.entities.CommunityEntity@6dc81079, com.anucana.persistence.entities.CommunityEntity@aa23b15c] 
2014-11-11 22:30:34 DEBUG http-8080-5 com.anucana.persistence.dao.CommunityDAOHibernate:19 -  -> findById ( [1] )
2014-11-11 22:30:34 DEBUG http-8080-5 com.anucana.persistence.dao.CommunityDAOHibernate:26 -  <- findById() : com.anucana.persistence.entities.CommunityEntity@5832109e 
2014-11-11 22:30:34 DEBUG http-8080-5 com.anucana.persistence.dao.CommunityDAOHibernate:19 -  -> findById ( [2] )
2014-11-11 22:30:34 DEBUG http-8080-5 com.anucana.persistence.dao.CommunityDAOHibernate:26 -  <- findById() : com.anucana.persistence.entities.CommunityEntity@bb99b731 
2014-11-11 22:30:34 DEBUG http-8080-5 com.anucana.persistence.dao.CommunityDAOHibernate:19 -  -> findById ( [3] )
2014-11-11 22:30:34 DEBUG http-8080-5 com.anucana.persistence.dao.CommunityDAOHibernate:26 -  <- findById() : com.anucana.persistence.entities.CommunityEntity@6dc81079 
2014-11-11 22:30:34 DEBUG http-8080-5 com.anucana.persistence.dao.CommunityDAOHibernate:19 -  -> findById ( [4] )
2014-11-11 22:30:34 DEBUG http-8080-5 com.anucana.persistence.dao.CommunityDAOHibernate:26 -  <- findById() : com.anucana.persistence.entities.CommunityEntity@aa23b15c 
2014-11-11 22:30:34 DEBUG http-8080-5 com.anucana.services.CommunityService:26 -  <- searchCommunities() : com.anucana.service.contracts.ServiceResponse@1216ee9 
2014-11-11 22:30:34 DEBUG http-8080-5 com.anucana.web.common.WebConfigsProvider:19 -  -> getClientDetails ( [] )
2014-11-11 22:30:34 DEBUG http-8080-5 com.anucana.web.common.WebConfigsProvider:26 -  <- getClientDetails() : com.anucana.client.data.WebClientDetails@ee5410 
2014-11-11 22:30:34 DEBUG http-8080-5 com.anucana.services.EventService:19 -  -> searchEvents ( [com.anucana.service.contracts.ServiceRequest@b1c0b7, com.anucana.web.user.data.WebUserDetails@ed8f27b2: Username: arv.sri.ggn@gmail.com; Password: [PROTECTED]; Enabled: true; AccountNonExpired: true; credentialsNonExpired: true; AccountNonLocked: true; Granted Authorities: ur_a,ur_cmo,ur_gu, com.anucana.client.data.WebClientDetails@ee5410] )
2014-11-11 22:30:34 DEBUG http-8080-5 com.anucana.persistence.dao.EventDAOHibernate:19 -  -> findByCommunityId ( [4] )
2014-11-11 22:30:34 DEBUG http-8080-5 com.anucana.persistence.dao.EventDAOHibernate:26 -  <- findByCommunityId() : [com.anucana.persistence.entities.EventEntity@2cdd202c] 
2014-11-11 22:30:34 DEBUG http-8080-5 com.anucana.persistence.dao.EventDAOHibernate:19 -  -> findById ( [4] )
2014-11-11 22:30:34 DEBUG http-8080-5 com.anucana.persistence.dao.EventDAOHibernate:26 -  <- findById() : com.anucana.persistence.entities.EventEntity@2cdd202c 
2014-11-11 22:30:34 DEBUG http-8080-5 com.anucana.services.EventService:26 -  <- searchEvents() : com.anucana.service.contracts.ServiceResponse@8d93ea 
2014-11-11 22:30:34 DEBUG http-8080-5 com.anucana.web.common.WebConfigsProvider:19 -  -> getClientDetails ( [] )
2014-11-11 22:30:34 DEBUG http-8080-5 com.anucana.web.common.WebConfigsProvider:26 -  <- getClientDetails() : com.anucana.client.data.WebClientDetails@1c63ba6 
2014-11-11 22:30:34 DEBUG http-8080-5 com.anucana.services.EventService:19 -  -> getAvailableSeatsCount ( [com.anucana.service.contracts.ServiceRequest@1a7014d, com.anucana.web.user.data.WebUserDetails@ed8f27b2: Username: arv.sri.ggn@gmail.com; Password: [PROTECTED]; Enabled: true; AccountNonExpired: true; credentialsNonExpired: true; AccountNonLocked: true; Granted Authorities: ur_a,ur_cmo,ur_gu, com.anucana.client.data.WebClientDetails@1c63ba6] )
2014-11-11 22:30:34 DEBUG http-8080-5 com.anucana.persistence.dao.EventDAOHibernate:19 -  -> findById ( [4] )
2014-11-11 22:30:34 DEBUG http-8080-5 com.anucana.persistence.dao.EventDAOHibernate:26 -  <- findById() : com.anucana.persistence.entities.EventEntity@7acf6d16 
2014-11-11 22:30:34 DEBUG http-8080-5 com.anucana.validation.implementations.EventBookingValidator:19 -  -> getNumberOfAvailableSeats ( [com.anucana.persistence.entities.EventEntity@7acf6d16] )
2014-11-11 22:30:34 DEBUG http-8080-5 com.anucana.persistence.dao.UserEventDAOHibernate:19 -  -> getEventBookedSeatsCount ( [4] )
2014-11-11 22:30:34 DEBUG http-8080-5 com.anucana.persistence.dao.UserEventDAOHibernate:26 -  <- getEventBookedSeatsCount() : 0 
2014-11-11 22:30:34 DEBUG http-8080-5 com.anucana.persistence.dao.UserEventDAOHibernate:19 -  -> findEnrolledUserEvents ( [4] )
2014-11-11 22:30:34 DEBUG http-8080-5 com.anucana.persistence.dao.UserEventDAOHibernate:26 -  <- findEnrolledUserEvents() : [com.anucana.persistence.entities.UserEventEntity@ab5e3e79, com.anucana.persistence.entities.UserEventEntity@f123799c] 
2014-11-11 22:30:34 DEBUG http-8080-5 com.anucana.validation.implementations.EventBookingValidator:26 -  <- getNumberOfAvailableSeats() : 20 
2014-11-11 22:30:34 DEBUG http-8080-5 com.anucana.services.EventService:26 -  <- getAvailableSeatsCount() : com.anucana.service.contracts.ServiceResponse@94a25c 
2014-11-11 22:30:34 DEBUG http-8080-5 com.anucana.web.controllers.BookingController:26 -  <- bookEvent() : ModelAndView: reference to view with name 'bookEvent'; model is {org.springframework.validation.BindingResult.userBooking=org.springframework.validation.BeanPropertyBindingResult: 1 errors
Error in object 'userBooking': codes [ValidUserBooking.userBooking,ValidUserBooking]; arguments [org.springframework.context.support.DefaultMessageSourceResolvable: codes [userBooking.,]; arguments []; default message []]; default message [], communities=[com.anucana.value.objects.Community@eaafa8, com.anucana.value.objects.Community@1b2725a, com.anucana.value.objects.Community@71a9f3, com.anucana.value.objects.Community@4c98f4], events=[com.anucana.value.objects.Event@cdc69b], userBooking=com.anucana.value.objects.UserBooking@78618f} 
2014-11-11 22:30:48 DEBUG http-8080-3 com.anucana.web.controllers.BookingController:19 -  -> showBookings ( [null, null] )
2014-11-11 22:30:48 DEBUG http-8080-3 com.anucana.web.common.WebConfigsProvider:19 -  -> getClientDetails ( [] )
2014-11-11 22:30:48 DEBUG http-8080-3 com.anucana.web.common.WebConfigsProvider:26 -  <- getClientDetails() : com.anucana.client.data.WebClientDetails@14ba772 
2014-11-11 22:30:48 DEBUG http-8080-3 com.anucana.services.BookingService:19 -  -> searchBookings ( [com.anucana.service.contracts.ServiceRequest@85a3b0, com.anucana.web.user.data.WebUserDetails@ed8f27b2: Username: arv.sri.ggn@gmail.com; Password: [PROTECTED]; Enabled: true; AccountNonExpired: true; credentialsNonExpired: true; AccountNonLocked: true; Granted Authorities: ur_a,ur_cmo,ur_gu, com.anucana.client.data.WebClientDetails@14ba772] )
2014-11-11 22:30:48 DEBUG http-8080-3 com.anucana.persistence.dao.UserEventDAOHibernate:19 -  -> findAllByUser ( [1, ues_paid] )
2014-11-11 22:30:48 DEBUG http-8080-3 com.anucana.persistence.dao.UserEventDAOHibernate:26 -  <- findAllByUser() : [] 
2014-11-11 22:30:48 DEBUG http-8080-3 com.anucana.services.BookingService:26 -  <- searchBookings() : com.anucana.service.contracts.ServiceResponse@13a3047 
2014-11-11 22:30:48 DEBUG http-8080-3 com.anucana.web.controllers.BookingController:26 -  <- showBookings() : ModelAndView: reference to view with name 'viewBookings'; model is {bookings=[], nextPage=false} 
2014-11-11 22:30:51 DEBUG http-8080-3 com.anucana.web.controllers.BookingController:19 -  -> bookEvent ( [com.anucana.value.objects.UserBooking@882622] )
2014-11-11 22:30:51 DEBUG http-8080-3 com.anucana.web.common.WebConfigsProvider:19 -  -> getClientDetails ( [] )
2014-11-11 22:30:51 DEBUG http-8080-3 com.anucana.web.common.WebConfigsProvider:26 -  <- getClientDetails() : com.anucana.client.data.WebClientDetails@1aba2ee 
2014-11-11 22:30:51 DEBUG http-8080-3 com.anucana.services.UserProfileService:19 -  -> searchProfiles ( [com.anucana.service.contracts.ServiceRequest@a9c124, com.anucana.web.user.data.WebUserDetails@ed8f27b2: Username: arv.sri.ggn@gmail.com; Password: [PROTECTED]; Enabled: true; AccountNonExpired: true; credentialsNonExpired: true; AccountNonLocked: true; Granted Authorities: ur_a,ur_cmo,ur_gu, com.anucana.client.data.WebClientDetails@1aba2ee] )
2014-11-11 22:30:51 DEBUG http-8080-3 com.anucana.persistence.dao.UserLoginDAOHibernate:19 -  -> findById ( [1] )
2014-11-11 22:30:51 DEBUG http-8080-3 com.anucana.persistence.dao.UserLoginDAOHibernate:26 -  <- findById() : com.anucana.persistence.entities.UserLoginEntity@946cae53 
2014-11-11 22:30:51 DEBUG http-8080-3 com.anucana.services.MultimediaService:19 -  -> getImages ( [com.anucana.service.contracts.ServiceRequest@844a08, com.anucana.web.user.data.WebUserDetails@ed8f27b2: Username: arv.sri.ggn@gmail.com; Password: [PROTECTED]; Enabled: true; AccountNonExpired: true; credentialsNonExpired: true; AccountNonLocked: true; Granted Authorities: ur_a,ur_cmo,ur_gu, com.anucana.client.data.WebClientDetails@1aba2ee] )
2014-11-11 22:30:51 DEBUG http-8080-3 com.anucana.services.MultimediaService:26 -  <- getImages() : com.anucana.service.contracts.ServiceRequest@844a08 
2014-11-11 22:30:51 DEBUG http-8080-3 com.anucana.services.UserProfileService:26 -  <- searchProfiles() : com.anucana.service.contracts.ServiceResponse@139ce9b 
2014-11-11 22:30:51 DEBUG http-8080-3 com.anucana.web.common.WebConfigsProvider:19 -  -> getClientDetails ( [] )
2014-11-11 22:30:51 DEBUG http-8080-3 com.anucana.web.common.WebConfigsProvider:26 -  <- getClientDetails() : com.anucana.client.data.WebClientDetails@3c1606 
2014-11-11 22:30:51 DEBUG http-8080-3 com.anucana.services.EventService:19 -  -> searchEvents ( [com.anucana.service.contracts.ServiceRequest@99fef7, com.anucana.web.user.data.WebUserDetails@ed8f27b2: Username: arv.sri.ggn@gmail.com; Password: [PROTECTED]; Enabled: true; AccountNonExpired: true; credentialsNonExpired: true; AccountNonLocked: true; Granted Authorities: ur_a,ur_cmo,ur_gu, com.anucana.client.data.WebClientDetails@3c1606] )
2014-11-11 22:30:51 DEBUG http-8080-3 com.anucana.persistence.dao.EventDAOHibernate:19 -  -> findById ( [0] )
2014-11-11 22:30:51 DEBUG http-8080-3 com.anucana.persistence.dao.EventDAOHibernate:26 -  <- findById() : null 
2014-11-11 22:30:51 DEBUG http-8080-3 com.anucana.services.EventService:26 -  <- searchEvents() : com.anucana.service.contracts.ServiceResponse@10abcb4 
2014-11-11 22:30:51 DEBUG http-8080-3 com.anucana.web.common.WebConfigsProvider:19 -  -> getClientDetails ( [] )
2014-11-11 22:30:51 DEBUG http-8080-3 com.anucana.web.common.WebConfigsProvider:26 -  <- getClientDetails() : com.anucana.client.data.WebClientDetails@19fae86 
2014-11-11 22:30:51 DEBUG http-8080-3 com.anucana.services.BookingService:19 -  -> applyBookingDetails ( [com.anucana.service.contracts.ServiceRequest@15bae99, com.anucana.web.user.data.WebUserDetails@ed8f27b2: Username: arv.sri.ggn@gmail.com; Password: [PROTECTED]; Enabled: true; AccountNonExpired: true; credentialsNonExpired: true; AccountNonLocked: true; Granted Authorities: ur_a,ur_cmo,ur_gu, com.anucana.client.data.WebClientDetails@19fae86] )
2014-11-11 22:30:51 DEBUG http-8080-3 com.anucana.validation.implementations.EventBookingValidator:19 -  -> initialize ( [@com.anucana.validation.annotations.ValidEventBooking(message=, payload=[], groups=[interface com.anucana.validation.groups.NewBooking$BookingDetails])] )
2014-11-11 22:30:51 DEBUG http-8080-3 com.anucana.validation.implementations.EventBookingValidator:26 -  <- initialize() : null 
2014-11-11 22:30:51 DEBUG http-8080-3 com.anucana.validation.implementations.EventBookingValidator:19 -  -> isValid ( [com.anucana.value.objects.UserBooking@882622, org.hibernate.validator.engine.ConstraintValidatorContextImpl@17d72cf] )
2014-11-11 22:30:51 DEBUG http-8080-3 com.anucana.persistence.dao.EventDAOHibernate:19 -  -> findById ( [0] )
2014-11-11 22:30:51 DEBUG http-8080-3 com.anucana.persistence.dao.EventDAOHibernate:26 -  <- findById() : null 
2014-11-11 22:30:51 DEBUG http-8080-3 com.anucana.validation.implementations.EventBookingValidator:26 -  <- isValid() : false 
2014-11-11 22:30:51 DEBUG http-8080-3 com.anucana.validation.implementations.UserBookingValidator:19 -  -> initialize ( [@com.anucana.validation.annotations.ValidUserBooking(message=, payload=[], groups=[interface com.anucana.validation.groups.NewBooking$BookingDetails])] )
2014-11-11 22:30:51 DEBUG http-8080-3 com.anucana.validation.implementations.UserBookingValidator:26 -  <- initialize() : null 
2014-11-11 22:30:51 DEBUG http-8080-3 com.anucana.validation.implementations.UserBookingValidator:19 -  -> isValid ( [com.anucana.value.objects.UserBooking@882622, org.hibernate.validator.engine.ConstraintValidatorContextImpl@d9c11d] )
2014-11-11 22:30:51 DEBUG http-8080-3 com.anucana.validation.implementations.UserBookingValidator:26 -  <- isValid() : false 
2014-11-11 22:30:51 DEBUG http-8080-3 com.anucana.services.BookingService:26 -  <- applyBookingDetails() : com.anucana.service.contracts.ServiceRequest@15bae99 
2014-11-11 22:30:51 DEBUG http-8080-3 com.anucana.web.common.WebConfigsProvider:19 -  -> getClientDetails ( [] )
2014-11-11 22:30:51 DEBUG http-8080-3 com.anucana.web.common.WebConfigsProvider:26 -  <- getClientDetails() : com.anucana.client.data.WebClientDetails@a668bc 
2014-11-11 22:30:51 DEBUG http-8080-3 com.anucana.services.CommunityService:19 -  -> searchCommunities ( [com.anucana.service.contracts.ServiceRequest@ff6c19, com.anucana.web.user.data.WebUserDetails@ed8f27b2: Username: arv.sri.ggn@gmail.com; Password: [PROTECTED]; Enabled: true; AccountNonExpired: true; credentialsNonExpired: true; AccountNonLocked: true; Granted Authorities: ur_a,ur_cmo,ur_gu, com.anucana.client.data.WebClientDetails@a668bc] )
2014-11-11 22:30:51 DEBUG http-8080-3 com.anucana.persistence.dao.CommunityDAOHibernate:19 -  -> findAll ( [] )
2014-11-11 22:30:51 DEBUG http-8080-3 com.anucana.persistence.dao.CommunityDAOHibernate:26 -  <- findAll() : [com.anucana.persistence.entities.CommunityEntity@d432081a, com.anucana.persistence.entities.CommunityEntity@634a1277, com.anucana.persistence.entities.CommunityEntity@d8e91d9, com.anucana.persistence.entities.CommunityEntity@6da7b4a9] 
2014-11-11 22:30:51 DEBUG http-8080-3 com.anucana.persistence.dao.CommunityDAOHibernate:19 -  -> findById ( [1] )
2014-11-11 22:30:51 DEBUG http-8080-3 com.anucana.persistence.dao.CommunityDAOHibernate:26 -  <- findById() : com.anucana.persistence.entities.CommunityEntity@d432081a 
2014-11-11 22:30:51 DEBUG http-8080-3 com.anucana.persistence.dao.CommunityDAOHibernate:19 -  -> findById ( [2] )
2014-11-11 22:30:51 DEBUG http-8080-3 com.anucana.persistence.dao.CommunityDAOHibernate:26 -  <- findById() : com.anucana.persistence.entities.CommunityEntity@634a1277 
2014-11-11 22:30:51 DEBUG http-8080-3 com.anucana.persistence.dao.CommunityDAOHibernate:19 -  -> findById ( [3] )
2014-11-11 22:30:51 DEBUG http-8080-3 com.anucana.persistence.dao.CommunityDAOHibernate:26 -  <- findById() : com.anucana.persistence.entities.CommunityEntity@d8e91d9 
2014-11-11 22:30:51 DEBUG http-8080-3 com.anucana.persistence.dao.CommunityDAOHibernate:19 -  -> findById ( [4] )
2014-11-11 22:30:51 DEBUG http-8080-3 com.anucana.persistence.dao.CommunityDAOHibernate:26 -  <- findById() : com.anucana.persistence.entities.CommunityEntity@6da7b4a9 
2014-11-11 22:30:51 DEBUG http-8080-3 com.anucana.services.CommunityService:26 -  <- searchCommunities() : com.anucana.service.contracts.ServiceResponse@c42aea 
2014-11-11 22:30:51 DEBUG http-8080-3 com.anucana.web.controllers.BookingController:26 -  <- bookEvent() : ModelAndView: reference to view with name 'bookEvent'; model is {org.springframework.validation.BindingResult.userBooking=org.springframework.validation.BeanPropertyBindingResult: 1 errors
Error in object 'userBooking': codes [ValidEventBooking.userBooking,ValidEventBooking]; arguments [org.springframework.context.support.DefaultMessageSourceResolvable: codes [userBooking.,]; arguments []; default message []]; default message [], communities=[com.anucana.value.objects.Community@19007a5, com.anucana.value.objects.Community@e5ecb2, com.anucana.value.objects.Community@116ac04, com.anucana.value.objects.Community@1774da1], userBooking=com.anucana.value.objects.UserBooking@882622} 
2014-11-11 22:31:00 DEBUG http-8080-3 com.anucana.web.controllers.BookingController:19 -  -> applyBookingDetails ( [com.anucana.value.objects.UserBooking@1a5d57] )
2014-11-11 22:31:00 DEBUG http-8080-3 com.anucana.web.common.WebConfigsProvider:19 -  -> getClientDetails ( [] )
2014-11-11 22:31:00 DEBUG http-8080-3 com.anucana.web.common.WebConfigsProvider:26 -  <- getClientDetails() : com.anucana.client.data.WebClientDetails@1ea34ed 
2014-11-11 22:31:00 DEBUG http-8080-3 com.anucana.services.BookingService:19 -  -> applyBookingDetails ( [com.anucana.service.contracts.ServiceRequest@15d7e83, com.anucana.web.user.data.WebUserDetails@ed8f27b2: Username: arv.sri.ggn@gmail.com; Password: [PROTECTED]; Enabled: true; AccountNonExpired: true; credentialsNonExpired: true; AccountNonLocked: true; Granted Authorities: ur_a,ur_cmo,ur_gu, com.anucana.client.data.WebClientDetails@1ea34ed] )
2014-11-11 22:31:00 DEBUG http-8080-3 com.anucana.validation.implementations.EventBookingValidator:19 -  -> initialize ( [@com.anucana.validation.annotations.ValidEventBooking(message=, payload=[], groups=[interface com.anucana.validation.groups.NewBooking$BookingDetails])] )
2014-11-11 22:31:00 DEBUG http-8080-3 com.anucana.validation.implementations.EventBookingValidator:26 -  <- initialize() : null 
2014-11-11 22:31:00 DEBUG http-8080-3 com.anucana.validation.implementations.EventBookingValidator:19 -  -> isValid ( [com.anucana.value.objects.UserBooking@1a5d57, org.hibernate.validator.engine.ConstraintValidatorContextImpl@44b0b] )
2014-11-11 22:31:00 DEBUG http-8080-3 com.anucana.persistence.dao.EventDAOHibernate:19 -  -> findById ( [0] )
2014-11-11 22:31:00 DEBUG http-8080-3 com.anucana.persistence.dao.EventDAOHibernate:26 -  <- findById() : null 
2014-11-11 22:31:00 DEBUG http-8080-3 com.anucana.validation.implementations.EventBookingValidator:26 -  <- isValid() : false 
2014-11-11 22:31:00 DEBUG http-8080-3 com.anucana.validation.implementations.UserBookingValidator:19 -  -> initialize ( [@com.anucana.validation.annotations.ValidUserBooking(message=, payload=[], groups=[interface com.anucana.validation.groups.NewBooking$BookingDetails])] )
2014-11-11 22:31:00 DEBUG http-8080-3 com.anucana.validation.implementations.UserBookingValidator:26 -  <- initialize() : null 
2014-11-11 22:31:00 DEBUG http-8080-3 com.anucana.validation.implementations.UserBookingValidator:19 -  -> isValid ( [com.anucana.value.objects.UserBooking@1a5d57, org.hibernate.validator.engine.ConstraintValidatorContextImpl@1d6f830] )
2014-11-11 22:31:00 DEBUG http-8080-3 com.anucana.validation.implementations.UserBookingValidator:26 -  <- isValid() : false 
2014-11-11 22:31:00 DEBUG http-8080-3 com.anucana.services.BookingService:26 -  <- applyBookingDetails() : com.anucana.service.contracts.ServiceRequest@15d7e83 
2014-11-11 22:31:00 DEBUG http-8080-3 com.anucana.web.common.WebConfigsProvider:19 -  -> getClientDetails ( [] )
2014-11-11 22:31:00 DEBUG http-8080-3 com.anucana.web.common.WebConfigsProvider:26 -  <- getClientDetails() : com.anucana.client.data.WebClientDetails@18bc0fb 
2014-11-11 22:31:00 DEBUG http-8080-3 com.anucana.services.CommunityService:19 -  -> searchCommunities ( [com.anucana.service.contracts.ServiceRequest@b72da, com.anucana.web.user.data.WebUserDetails@ed8f27b2: Username: arv.sri.ggn@gmail.com; Password: [PROTECTED]; Enabled: true; AccountNonExpired: true; credentialsNonExpired: true; AccountNonLocked: true; Granted Authorities: ur_a,ur_cmo,ur_gu, com.anucana.client.data.WebClientDetails@18bc0fb] )
2014-11-11 22:31:00 DEBUG http-8080-3 com.anucana.persistence.dao.CommunityDAOHibernate:19 -  -> findAll ( [] )
2014-11-11 22:31:00 DEBUG http-8080-3 com.anucana.persistence.dao.CommunityDAOHibernate:26 -  <- findAll() : [com.anucana.persistence.entities.CommunityEntity@b2f5fee2, com.anucana.persistence.entities.CommunityEntity@f86c0836, com.anucana.persistence.entities.CommunityEntity@98c1c92a, com.anucana.persistence.entities.CommunityEntity@65c48bdc] 
2014-11-11 22:31:00 DEBUG http-8080-3 com.anucana.persistence.dao.CommunityDAOHibernate:19 -  -> findById ( [1] )
2014-11-11 22:31:00 DEBUG http-8080-3 com.anucana.persistence.dao.CommunityDAOHibernate:26 -  <- findById() : com.anucana.persistence.entities.CommunityEntity@b2f5fee2 
2014-11-11 22:31:00 DEBUG http-8080-3 com.anucana.persistence.dao.CommunityDAOHibernate:19 -  -> findById ( [2] )
2014-11-11 22:31:00 DEBUG http-8080-3 com.anucana.persistence.dao.CommunityDAOHibernate:26 -  <- findById() : com.anucana.persistence.entities.CommunityEntity@f86c0836 
2014-11-11 22:31:00 DEBUG http-8080-3 com.anucana.persistence.dao.CommunityDAOHibernate:19 -  -> findById ( [3] )
2014-11-11 22:31:00 DEBUG http-8080-3 com.anucana.persistence.dao.CommunityDAOHibernate:26 -  <- findById() : com.anucana.persistence.entities.CommunityEntity@98c1c92a 
2014-11-11 22:31:00 DEBUG http-8080-3 com.anucana.persistence.dao.CommunityDAOHibernate:19 -  -> findById ( [4] )
2014-11-11 22:31:00 DEBUG http-8080-3 com.anucana.persistence.dao.CommunityDAOHibernate:26 -  <- findById() : com.anucana.persistence.entities.CommunityEntity@65c48bdc 
2014-11-11 22:31:00 DEBUG http-8080-3 com.anucana.services.CommunityService:26 -  <- searchCommunities() : com.anucana.service.contracts.ServiceResponse@6370fa 
2014-11-11 22:31:00 DEBUG http-8080-3 com.anucana.web.common.WebConfigsProvider:19 -  -> getClientDetails ( [] )
2014-11-11 22:31:00 DEBUG http-8080-3 com.anucana.web.common.WebConfigsProvider:26 -  <- getClientDetails() : com.anucana.client.data.WebClientDetails@1463340 
2014-11-11 22:31:00 DEBUG http-8080-3 com.anucana.services.EventService:19 -  -> searchEvents ( [com.anucana.service.contracts.ServiceRequest@7a2618, com.anucana.web.user.data.WebUserDetails@ed8f27b2: Username: arv.sri.ggn@gmail.com; Password: [PROTECTED]; Enabled: true; AccountNonExpired: true; credentialsNonExpired: true; AccountNonLocked: true; Granted Authorities: ur_a,ur_cmo,ur_gu, com.anucana.client.data.WebClientDetails@1463340] )
2014-11-11 22:31:00 DEBUG http-8080-3 com.anucana.persistence.dao.EventDAOHibernate:19 -  -> findByCommunityId ( [1] )
2014-11-11 22:31:00 DEBUG http-8080-3 com.anucana.persistence.dao.EventDAOHibernate:26 -  <- findByCommunityId() : [com.anucana.persistence.entities.EventEntity@43c3da1f, com.anucana.persistence.entities.EventEntity@7b253931] 
2014-11-11 22:31:00 DEBUG http-8080-3 com.anucana.persistence.dao.EventDAOHibernate:19 -  -> findById ( [1] )
2014-11-11 22:31:00 DEBUG http-8080-3 com.anucana.persistence.dao.EventDAOHibernate:26 -  <- findById() : com.anucana.persistence.entities.EventEntity@43c3da1f 
2014-11-11 22:31:00 DEBUG http-8080-3 com.anucana.persistence.dao.EventDAOHibernate:19 -  -> findById ( [2] )
2014-11-11 22:31:00 DEBUG http-8080-3 com.anucana.persistence.dao.EventDAOHibernate:26 -  <- findById() : com.anucana.persistence.entities.EventEntity@7b253931 
2014-11-11 22:31:00 DEBUG http-8080-3 com.anucana.services.EventService:26 -  <- searchEvents() : com.anucana.service.contracts.ServiceResponse@d523bb 
2014-11-11 22:31:00 DEBUG http-8080-3 com.anucana.web.controllers.BookingController:26 -  <- applyBookingDetails() : ModelAndView: reference to view with name 'bookEvent'; model is {org.springframework.validation.BindingResult.userBooking=org.springframework.validation.BeanPropertyBindingResult: 2 errors
Error in object 'userBooking': codes [ValidEventBooking.userBooking,ValidEventBooking]; arguments [org.springframework.context.support.DefaultMessageSourceResolvable: codes [userBooking.,]; arguments []; default message []]; default message []
Field error in object 'userBooking' on field 'numberOfSeats': rejected value [0]; codes [Min.userBooking.numberOfSeats,Min.numberOfSeats,Min.int,Min]; arguments [org.springframework.context.support.DefaultMessageSourceResolvable: codes [userBooking.numberOfSeats,numberOfSeats]; arguments []; default message [numberOfSeats],1]; default message [must be greater than or equal to 1], communities=[com.anucana.value.objects.Community@ba3d2c, com.anucana.value.objects.Community@10634e7, com.anucana.value.objects.Community@7b2b3e, com.anucana.value.objects.Community@53f9d8], events=[com.anucana.value.objects.Event@1380a71, com.anucana.value.objects.Event@3598ef], userBooking=com.anucana.value.objects.UserBooking@1a5d57} 
2014-11-11 22:31:12 DEBUG http-8080-3 com.anucana.web.controllers.BookingController:19 -  -> applyBookingDetails ( [com.anucana.value.objects.UserBooking@1b5cb7b] )
2014-11-11 22:31:12 DEBUG http-8080-3 com.anucana.web.common.WebConfigsProvider:19 -  -> getClientDetails ( [] )
2014-11-11 22:31:12 DEBUG http-8080-3 com.anucana.web.common.WebConfigsProvider:26 -  <- getClientDetails() : com.anucana.client.data.WebClientDetails@174fab8 
2014-11-11 22:31:12 DEBUG http-8080-3 com.anucana.services.BookingService:19 -  -> applyBookingDetails ( [com.anucana.service.contracts.ServiceRequest@b80490, com.anucana.web.user.data.WebUserDetails@ed8f27b2: Username: arv.sri.ggn@gmail.com; Password: [PROTECTED]; Enabled: true; AccountNonExpired: true; credentialsNonExpired: true; AccountNonLocked: true; Granted Authorities: ur_a,ur_cmo,ur_gu, com.anucana.client.data.WebClientDetails@174fab8] )
2014-11-11 22:31:12 DEBUG http-8080-3 com.anucana.validation.implementations.EventBookingValidator:19 -  -> initialize ( [@com.anucana.validation.annotations.ValidEventBooking(message=, payload=[], groups=[interface com.anucana.validation.groups.NewBooking$BookingDetails])] )
2014-11-11 22:31:12 DEBUG http-8080-3 com.anucana.validation.implementations.EventBookingValidator:26 -  <- initialize() : null 
2014-11-11 22:31:12 DEBUG http-8080-3 com.anucana.validation.implementations.EventBookingValidator:19 -  -> isValid ( [com.anucana.value.objects.UserBooking@1b5cb7b, org.hibernate.validator.engine.ConstraintValidatorContextImpl@4f6910] )
2014-11-11 22:31:12 DEBUG http-8080-3 com.anucana.persistence.dao.EventDAOHibernate:19 -  -> findById ( [1] )
2014-11-11 22:31:12 DEBUG http-8080-3 com.anucana.persistence.dao.EventDAOHibernate:26 -  <- findById() : com.anucana.persistence.entities.EventEntity@92b27903 
2014-11-11 22:31:12 DEBUG http-8080-3 com.anucana.persistence.dao.UserEventDAOHibernate:19 -  -> getEventBookedSeatsCount ( [1] )
2014-11-11 22:31:12 DEBUG http-8080-3 com.anucana.persistence.dao.UserEventDAOHibernate:26 -  <- getEventBookedSeatsCount() : 0 
2014-11-11 22:31:12 DEBUG http-8080-3 com.anucana.persistence.dao.UserEventDAOHibernate:19 -  -> findEnrolledUserEvents ( [1] )
2014-11-11 22:31:12 DEBUG http-8080-3 com.anucana.persistence.dao.UserEventDAOHibernate:26 -  <- findEnrolledUserEvents() : [com.anucana.persistence.entities.UserEventEntity@562675f1, com.anucana.persistence.entities.UserEventEntity@78f07590] 
2014-11-11 22:31:12 DEBUG http-8080-3 com.anucana.validation.implementations.EventBookingValidator:26 -  <- isValid() : true 
2014-11-11 22:31:12 DEBUG http-8080-3 com.anucana.validation.implementations.UserBookingValidator:19 -  -> initialize ( [@com.anucana.validation.annotations.ValidUserBooking(message=, payload=[], groups=[interface com.anucana.validation.groups.NewBooking$BookingDetails])] )
2014-11-11 22:31:12 DEBUG http-8080-3 com.anucana.validation.implementations.UserBookingValidator:26 -  <- initialize() : null 
2014-11-11 22:31:12 DEBUG http-8080-3 com.anucana.validation.implementations.UserBookingValidator:19 -  -> isValid ( [com.anucana.value.objects.UserBooking@1b5cb7b, org.hibernate.validator.engine.ConstraintValidatorContextImpl@13ca932] )
2014-11-11 22:31:12 DEBUG http-8080-3 com.anucana.persistence.dao.UserEventDAOHibernate:19 -  -> findUserEvents ( [1, 1] )
2014-11-11 22:31:12 DEBUG http-8080-3 com.anucana.persistence.dao.UserEventDAOHibernate:26 -  <- findUserEvents() : [com.anucana.persistence.entities.UserEventEntity@78f07590] 
2014-11-11 22:31:12 DEBUG http-8080-3 com.anucana.validation.implementations.UserBookingValidator:26 -  <- isValid() : false 
2014-11-11 22:31:12 DEBUG http-8080-3 com.anucana.services.BookingService:26 -  <- applyBookingDetails() : com.anucana.service.contracts.ServiceRequest@b80490 
2014-11-11 22:31:12 DEBUG http-8080-3 com.anucana.web.common.WebConfigsProvider:19 -  -> getClientDetails ( [] )
2014-11-11 22:31:12 DEBUG http-8080-3 com.anucana.web.common.WebConfigsProvider:26 -  <- getClientDetails() : com.anucana.client.data.WebClientDetails@1beb6 
2014-11-11 22:31:12 DEBUG http-8080-3 com.anucana.services.CommunityService:19 -  -> searchCommunities ( [com.anucana.service.contracts.ServiceRequest@1ac767c, com.anucana.web.user.data.WebUserDetails@ed8f27b2: Username: arv.sri.ggn@gmail.com; Password: [PROTECTED]; Enabled: true; AccountNonExpired: true; credentialsNonExpired: true; AccountNonLocked: true; Granted Authorities: ur_a,ur_cmo,ur_gu, com.anucana.client.data.WebClientDetails@1beb6] )
2014-11-11 22:31:12 DEBUG http-8080-3 com.anucana.persistence.dao.CommunityDAOHibernate:19 -  -> findAll ( [] )
2014-11-11 22:31:12 DEBUG http-8080-3 com.anucana.persistence.dao.CommunityDAOHibernate:26 -  <- findAll() : [com.anucana.persistence.entities.CommunityEntity@e2b4fb00, com.anucana.persistence.entities.CommunityEntity@c6610729, com.anucana.persistence.entities.CommunityEntity@3e48b295, com.anucana.persistence.entities.CommunityEntity@7aefa573] 
2014-11-11 22:31:12 DEBUG http-8080-3 com.anucana.persistence.dao.CommunityDAOHibernate:19 -  -> findById ( [1] )
2014-11-11 22:31:12 DEBUG http-8080-3 com.anucana.persistence.dao.CommunityDAOHibernate:26 -  <- findById() : com.anucana.persistence.entities.CommunityEntity@e2b4fb00 
2014-11-11 22:31:12 DEBUG http-8080-3 com.anucana.persistence.dao.CommunityDAOHibernate:19 -  -> findById ( [2] )
2014-11-11 22:31:12 DEBUG http-8080-3 com.anucana.persistence.dao.CommunityDAOHibernate:26 -  <- findById() : com.anucana.persistence.entities.CommunityEntity@c6610729 
2014-11-11 22:31:12 DEBUG http-8080-3 com.anucana.persistence.dao.CommunityDAOHibernate:19 -  -> findById ( [3] )
2014-11-11 22:31:12 DEBUG http-8080-3 com.anucana.persistence.dao.CommunityDAOHibernate:26 -  <- findById() : com.anucana.persistence.entities.CommunityEntity@3e48b295 
2014-11-11 22:31:12 DEBUG http-8080-3 com.anucana.persistence.dao.CommunityDAOHibernate:19 -  -> findById ( [4] )
2014-11-11 22:31:12 DEBUG http-8080-3 com.anucana.persistence.dao.CommunityDAOHibernate:26 -  <- findById() : com.anucana.persistence.entities.CommunityEntity@7aefa573 
2014-11-11 22:31:12 DEBUG http-8080-3 com.anucana.services.CommunityService:26 -  <- searchCommunities() : com.anucana.service.contracts.ServiceResponse@87bf5 
2014-11-11 22:31:12 DEBUG http-8080-3 com.anucana.web.common.WebConfigsProvider:19 -  -> getClientDetails ( [] )
2014-11-11 22:31:12 DEBUG http-8080-3 com.anucana.web.common.WebConfigsProvider:26 -  <- getClientDetails() : com.anucana.client.data.WebClientDetails@13f78d3 
2014-11-11 22:31:12 DEBUG http-8080-3 com.anucana.services.EventService:19 -  -> searchEvents ( [com.anucana.service.contracts.ServiceRequest@1ef84d9, com.anucana.web.user.data.WebUserDetails@ed8f27b2: Username: arv.sri.ggn@gmail.com; Password: [PROTECTED]; Enabled: true; AccountNonExpired: true; credentialsNonExpired: true; AccountNonLocked: true; Granted Authorities: ur_a,ur_cmo,ur_gu, com.anucana.client.data.WebClientDetails@13f78d3] )
2014-11-11 22:31:12 DEBUG http-8080-3 com.anucana.persistence.dao.EventDAOHibernate:19 -  -> findByCommunityId ( [3] )
2014-11-11 22:31:12 DEBUG http-8080-3 com.anucana.persistence.dao.EventDAOHibernate:26 -  <- findByCommunityId() : [com.anucana.persistence.entities.EventEntity@312617a7] 
2014-11-11 22:31:12 DEBUG http-8080-3 com.anucana.persistence.dao.EventDAOHibernate:19 -  -> findById ( [3] )
2014-11-11 22:31:12 DEBUG http-8080-3 com.anucana.persistence.dao.EventDAOHibernate:26 -  <- findById() : com.anucana.persistence.entities.EventEntity@312617a7 
2014-11-11 22:31:12 DEBUG http-8080-3 com.anucana.services.EventService:26 -  <- searchEvents() : com.anucana.service.contracts.ServiceResponse@1e98e7e 
2014-11-11 22:31:12 DEBUG http-8080-3 com.anucana.web.common.WebConfigsProvider:19 -  -> getClientDetails ( [] )
2014-11-11 22:31:12 DEBUG http-8080-3 com.anucana.web.common.WebConfigsProvider:26 -  <- getClientDetails() : com.anucana.client.data.WebClientDetails@d5c42f 
2014-11-11 22:31:12 DEBUG http-8080-3 com.anucana.services.EventService:19 -  -> getAvailableSeatsCount ( [com.anucana.service.contracts.ServiceRequest@1dfb24d, com.anucana.web.user.data.WebUserDetails@ed8f27b2: Username: arv.sri.ggn@gmail.com; Password: [PROTECTED]; Enabled: true; AccountNonExpired: true; credentialsNonExpired: true; AccountNonLocked: true; Granted Authorities: ur_a,ur_cmo,ur_gu, com.anucana.client.data.WebClientDetails@d5c42f] )
2014-11-11 22:31:12 DEBUG http-8080-3 com.anucana.persistence.dao.EventDAOHibernate:19 -  -> findById ( [1] )
2014-11-11 22:31:12 DEBUG http-8080-3 com.anucana.persistence.dao.EventDAOHibernate:26 -  <- findById() : com.anucana.persistence.entities.EventEntity@e56e1e00 
2014-11-11 22:31:12 DEBUG http-8080-3 com.anucana.validation.implementations.EventBookingValidator:19 -  -> getNumberOfAvailableSeats ( [com.anucana.persistence.entities.EventEntity@e56e1e00] )
2014-11-11 22:31:12 DEBUG http-8080-3 com.anucana.persistence.dao.UserEventDAOHibernate:19 -  -> getEventBookedSeatsCount ( [1] )
2014-11-11 22:31:12 DEBUG http-8080-3 com.anucana.persistence.dao.UserEventDAOHibernate:26 -  <- getEventBookedSeatsCount() : 0 
2014-11-11 22:31:12 DEBUG http-8080-3 com.anucana.persistence.dao.UserEventDAOHibernate:19 -  -> findEnrolledUserEvents ( [1] )
2014-11-11 22:31:12 DEBUG http-8080-3 com.anucana.persistence.dao.UserEventDAOHibernate:26 -  <- findEnrolledUserEvents() : [com.anucana.persistence.entities.UserEventEntity@74e2b678, com.anucana.persistence.entities.UserEventEntity@e9f4d7a2] 
2014-11-11 22:31:12 DEBUG http-8080-3 com.anucana.validation.implementations.EventBookingValidator:26 -  <- getNumberOfAvailableSeats() : 50 
2014-11-11 22:31:12 DEBUG http-8080-3 com.anucana.services.EventService:26 -  <- getAvailableSeatsCount() : com.anucana.service.contracts.ServiceResponse@3c205c 
2014-11-11 22:31:12 DEBUG http-8080-3 com.anucana.web.controllers.BookingController:26 -  <- applyBookingDetails() : ModelAndView: reference to view with name 'bookEvent'; model is {org.springframework.validation.BindingResult.userBooking=org.springframework.validation.BeanPropertyBindingResult: 2 errors
Field error in object 'userBooking' on field 'numberOfSeats': rejected value [0]; codes [Min.userBooking.numberOfSeats,Min.numberOfSeats,Min.int,Min]; arguments [org.springframework.context.support.DefaultMessageSourceResolvable: codes [userBooking.numberOfSeats,numberOfSeats]; arguments []; default message [numberOfSeats],1]; default message [must be greater than or equal to 1]
Error in object 'userBooking': codes [ValidUserBooking.userBooking,ValidUserBooking]; arguments [org.springframework.context.support.DefaultMessageSourceResolvable: codes [userBooking.,]; arguments []; default message []]; default message [], communities=[com.anucana.value.objects.Community@31edb0, com.anucana.value.objects.Community@1ebec13, com.anucana.value.objects.Community@1d7d567, com.anucana.value.objects.Community@fb99a2], events=[com.anucana.value.objects.Event@2371c0], userBooking=com.anucana.value.objects.UserBooking@1b5cb7b} 
2014-11-11 22:31:16 DEBUG http-8080-3 com.anucana.web.controllers.BookingController:19 -  -> applyBookingDetails ( [com.anucana.value.objects.UserBooking@d08faa] )
2014-11-11 22:31:16 DEBUG http-8080-3 com.anucana.web.common.WebConfigsProvider:19 -  -> getClientDetails ( [] )
2014-11-11 22:31:16 DEBUG http-8080-3 com.anucana.web.common.WebConfigsProvider:26 -  <- getClientDetails() : com.anucana.client.data.WebClientDetails@1aee115 
2014-11-11 22:31:16 DEBUG http-8080-3 com.anucana.services.BookingService:19 -  -> applyBookingDetails ( [com.anucana.service.contracts.ServiceRequest@173eabc, com.anucana.web.user.data.WebUserDetails@ed8f27b2: Username: arv.sri.ggn@gmail.com; Password: [PROTECTED]; Enabled: true; AccountNonExpired: true; credentialsNonExpired: true; AccountNonLocked: true; Granted Authorities: ur_a,ur_cmo,ur_gu, com.anucana.client.data.WebClientDetails@1aee115] )
2014-11-11 22:31:16 DEBUG http-8080-3 com.anucana.validation.implementations.EventBookingValidator:19 -  -> initialize ( [@com.anucana.validation.annotations.ValidEventBooking(message=, payload=[], groups=[interface com.anucana.validation.groups.NewBooking$BookingDetails])] )
2014-11-11 22:31:16 DEBUG http-8080-3 com.anucana.validation.implementations.EventBookingValidator:26 -  <- initialize() : null 
2014-11-11 22:31:16 DEBUG http-8080-3 com.anucana.validation.implementations.EventBookingValidator:19 -  -> isValid ( [com.anucana.value.objects.UserBooking@d08faa, org.hibernate.validator.engine.ConstraintValidatorContextImpl@5f7f06] )
2014-11-11 22:31:16 DEBUG http-8080-3 com.anucana.persistence.dao.EventDAOHibernate:19 -  -> findById ( [3] )
2014-11-11 22:31:16 DEBUG http-8080-3 com.anucana.persistence.dao.EventDAOHibernate:26 -  <- findById() : com.anucana.persistence.entities.EventEntity@9796ce2a 
2014-11-11 22:31:16 DEBUG http-8080-3 com.anucana.persistence.dao.UserEventDAOHibernate:19 -  -> getEventBookedSeatsCount ( [3] )
2014-11-11 22:31:16 DEBUG http-8080-3 com.anucana.persistence.dao.UserEventDAOHibernate:26 -  <- getEventBookedSeatsCount() : 0 
2014-11-11 22:31:16 DEBUG http-8080-3 com.anucana.persistence.dao.UserEventDAOHibernate:19 -  -> findEnrolledUserEvents ( [3] )
2014-11-11 22:31:16 DEBUG http-8080-3 com.anucana.persistence.dao.UserEventDAOHibernate:26 -  <- findEnrolledUserEvents() : [com.anucana.persistence.entities.UserEventEntity@332fd2ce, com.anucana.persistence.entities.UserEventEntity@57fdbf5d] 
2014-11-11 22:31:16 DEBUG http-8080-3 com.anucana.validation.implementations.EventBookingValidator:26 -  <- isValid() : true 
2014-11-11 22:31:16 DEBUG http-8080-3 com.anucana.validation.implementations.UserBookingValidator:19 -  -> initialize ( [@com.anucana.validation.annotations.ValidUserBooking(message=, payload=[], groups=[interface com.anucana.validation.groups.NewBooking$BookingDetails])] )
2014-11-11 22:31:16 DEBUG http-8080-3 com.anucana.validation.implementations.UserBookingValidator:26 -  <- initialize() : null 
2014-11-11 22:31:16 DEBUG http-8080-3 com.anucana.validation.implementations.UserBookingValidator:19 -  -> isValid ( [com.anucana.value.objects.UserBooking@d08faa, org.hibernate.validator.engine.ConstraintValidatorContextImpl@6d0c6a] )
2014-11-11 22:31:16 DEBUG http-8080-3 com.anucana.persistence.dao.UserEventDAOHibernate:19 -  -> findUserEvents ( [1, 3] )
2014-11-11 22:31:16 DEBUG http-8080-3 com.anucana.persistence.dao.UserEventDAOHibernate:26 -  <- findUserEvents() : [] 
2014-11-11 22:31:16 DEBUG http-8080-3 com.anucana.validation.implementations.UserBookingValidator:26 -  <- isValid() : true 
2014-11-11 22:31:16 DEBUG http-8080-3 com.anucana.persistence.dao.EventDAOHibernate:19 -  -> findById ( [3] )
2014-11-11 22:31:16 DEBUG http-8080-3 com.anucana.persistence.dao.EventDAOHibernate:26 -  <- findById() : com.anucana.persistence.entities.EventEntity@9796ce2a 
2014-11-11 22:31:16 DEBUG http-8080-3 com.anucana.services.BookingService:26 -  <- applyBookingDetails() : com.anucana.service.contracts.ServiceResponse@e7bff3 
2014-11-11 22:31:16 DEBUG http-8080-3 com.anucana.web.common.WebConfigsProvider:19 -  -> getClientDetails ( [] )
2014-11-11 22:31:16 DEBUG http-8080-3 com.anucana.web.common.WebConfigsProvider:26 -  <- getClientDetails() : com.anucana.client.data.WebClientDetails@dddf46 
2014-11-11 22:31:16 DEBUG http-8080-3 com.anucana.services.EventService:19 -  -> getEventDetails ( [com.anucana.service.contracts.ServiceRequest@d1afb9, com.anucana.web.user.data.WebUserDetails@ed8f27b2: Username: arv.sri.ggn@gmail.com; Password: [PROTECTED]; Enabled: true; AccountNonExpired: true; credentialsNonExpired: true; AccountNonLocked: true; Granted Authorities: ur_a,ur_cmo,ur_gu, com.anucana.client.data.WebClientDetails@dddf46] )
2014-11-11 22:31:16 DEBUG http-8080-3 com.anucana.persistence.dao.EventDAOHibernate:19 -  -> findById ( [3] )
2014-11-11 22:31:16 DEBUG http-8080-3 com.anucana.persistence.dao.EventDAOHibernate:26 -  <- findById() : com.anucana.persistence.entities.EventEntity@d02a5dcd 
2014-11-11 22:31:16 DEBUG http-8080-3 com.anucana.services.MultimediaService:19 -  -> getImages ( [com.anucana.service.contracts.ServiceRequest@9fd086, com.anucana.web.user.data.WebUserDetails@ed8f27b2: Username: arv.sri.ggn@gmail.com; Password: [PROTECTED]; Enabled: true; AccountNonExpired: true; credentialsNonExpired: true; AccountNonLocked: true; Granted Authorities: ur_a,ur_cmo,ur_gu, com.anucana.client.data.WebClientDetails@dddf46] )
2014-11-11 22:31:17 DEBUG http-8080-3 com.anucana.services.MultimediaService:26 -  <- getImages() : com.anucana.service.contracts.ServiceRequest@9fd086 
2014-11-11 22:31:17 DEBUG http-8080-3 com.anucana.services.EventService:26 -  <- getEventDetails() : com.anucana.service.contracts.ServiceResponse@6a3d17 
2014-11-11 22:31:17 DEBUG http-8080-3 com.anucana.web.common.WebConfigsProvider:19 -  -> getClientDetails ( [] )
2014-11-11 22:31:17 DEBUG http-8080-3 com.anucana.web.common.WebConfigsProvider:26 -  <- getClientDetails() : com.anucana.client.data.WebClientDetails@159e38d 
2014-11-11 22:31:17 DEBUG http-8080-3 com.anucana.services.CommunityService:19 -  -> searchCommunities ( [com.anucana.service.contracts.ServiceRequest@1d7b37, com.anucana.web.user.data.WebUserDetails@ed8f27b2: Username: arv.sri.ggn@gmail.com; Password: [PROTECTED]; Enabled: true; AccountNonExpired: true; credentialsNonExpired: true; AccountNonLocked: true; Granted Authorities: ur_a,ur_cmo,ur_gu, com.anucana.client.data.WebClientDetails@159e38d] )
2014-11-11 22:31:17 DEBUG http-8080-3 com.anucana.persistence.dao.CommunityDAOHibernate:19 -  -> findAll ( [] )
2014-11-11 22:31:17 DEBUG http-8080-3 com.anucana.persistence.dao.CommunityDAOHibernate:26 -  <- findAll() : [com.anucana.persistence.entities.CommunityEntity@fdbe5d9f, com.anucana.persistence.entities.CommunityEntity@fcaaba3c, com.anucana.persistence.entities.CommunityEntity@6540da8a, com.anucana.persistence.entities.CommunityEntity@8e50b475] 
2014-11-11 22:31:17 DEBUG http-8080-3 com.anucana.persistence.dao.CommunityDAOHibernate:19 -  -> findById ( [1] )
2014-11-11 22:31:17 DEBUG http-8080-3 com.anucana.persistence.dao.CommunityDAOHibernate:26 -  <- findById() : com.anucana.persistence.entities.CommunityEntity@fdbe5d9f 
2014-11-11 22:31:17 DEBUG http-8080-3 com.anucana.persistence.dao.CommunityDAOHibernate:19 -  -> findById ( [2] )
2014-11-11 22:31:17 DEBUG http-8080-3 com.anucana.persistence.dao.CommunityDAOHibernate:26 -  <- findById() : com.anucana.persistence.entities.CommunityEntity@fcaaba3c 
2014-11-11 22:31:17 DEBUG http-8080-3 com.anucana.persistence.dao.CommunityDAOHibernate:19 -  -> findById ( [3] )
2014-11-11 22:31:17 DEBUG http-8080-3 com.anucana.persistence.dao.CommunityDAOHibernate:26 -  <- findById() : com.anucana.persistence.entities.CommunityEntity@6540da8a 
2014-11-11 22:31:17 DEBUG http-8080-3 com.anucana.persistence.dao.CommunityDAOHibernate:19 -  -> findById ( [4] )
2014-11-11 22:31:17 DEBUG http-8080-3 com.anucana.persistence.dao.CommunityDAOHibernate:26 -  <- findById() : com.anucana.persistence.entities.CommunityEntity@8e50b475 
2014-11-11 22:31:17 DEBUG http-8080-3 com.anucana.services.CommunityService:26 -  <- searchCommunities() : com.anucana.service.contracts.ServiceResponse@96ceb3 
2014-11-11 22:31:17 DEBUG http-8080-3 com.anucana.web.common.WebConfigsProvider:19 -  -> getClientDetails ( [] )
2014-11-11 22:31:17 DEBUG http-8080-3 com.anucana.web.common.WebConfigsProvider:26 -  <- getClientDetails() : com.anucana.client.data.WebClientDetails@1fc0d6c 
2014-11-11 22:31:17 DEBUG http-8080-3 com.anucana.services.EventService:19 -  -> searchEvents ( [com.anucana.service.contracts.ServiceRequest@10619b7, com.anucana.web.user.data.WebUserDetails@ed8f27b2: Username: arv.sri.ggn@gmail.com; Password: [PROTECTED]; Enabled: true; AccountNonExpired: true; credentialsNonExpired: true; AccountNonLocked: true; Granted Authorities: ur_a,ur_cmo,ur_gu, com.anucana.client.data.WebClientDetails@1fc0d6c] )
2014-11-11 22:31:17 DEBUG http-8080-3 com.anucana.persistence.dao.EventDAOHibernate:19 -  -> findByCommunityId ( [3] )
2014-11-11 22:31:17 DEBUG http-8080-3 com.anucana.persistence.dao.EventDAOHibernate:26 -  <- findByCommunityId() : [com.anucana.persistence.entities.EventEntity@47404aec] 
2014-11-11 22:31:17 DEBUG http-8080-3 com.anucana.persistence.dao.EventDAOHibernate:19 -  -> findById ( [3] )
2014-11-11 22:31:17 DEBUG http-8080-3 com.anucana.persistence.dao.EventDAOHibernate:26 -  <- findById() : com.anucana.persistence.entities.EventEntity@47404aec 
2014-11-11 22:31:17 DEBUG http-8080-3 com.anucana.services.EventService:26 -  <- searchEvents() : com.anucana.service.contracts.ServiceResponse@1a226eb 
2014-11-11 22:31:17 DEBUG http-8080-3 com.anucana.web.common.WebConfigsProvider:19 -  -> getClientDetails ( [] )
2014-11-11 22:31:17 DEBUG http-8080-3 com.anucana.web.common.WebConfigsProvider:26 -  <- getClientDetails() : com.anucana.client.data.WebClientDetails@1737e7f 
2014-11-11 22:31:17 DEBUG http-8080-3 com.anucana.services.EventService:19 -  -> getAvailableSeatsCount ( [com.anucana.service.contracts.ServiceRequest@1446af8, com.anucana.web.user.data.WebUserDetails@ed8f27b2: Username: arv.sri.ggn@gmail.com; Password: [PROTECTED]; Enabled: true; AccountNonExpired: true; credentialsNonExpired: true; AccountNonLocked: true; Granted Authorities: ur_a,ur_cmo,ur_gu, com.anucana.client.data.WebClientDetails@1737e7f] )
2014-11-11 22:31:17 DEBUG http-8080-3 com.anucana.persistence.dao.EventDAOHibernate:19 -  -> findById ( [3] )
2014-11-11 22:31:17 DEBUG http-8080-3 com.anucana.persistence.dao.EventDAOHibernate:26 -  <- findById() : com.anucana.persistence.entities.EventEntity@de3f27d1 
2014-11-11 22:31:17 DEBUG http-8080-3 com.anucana.validation.implementations.EventBookingValidator:19 -  -> getNumberOfAvailableSeats ( [com.anucana.persistence.entities.EventEntity@de3f27d1] )
2014-11-11 22:31:17 DEBUG http-8080-3 com.anucana.persistence.dao.UserEventDAOHibernate:19 -  -> getEventBookedSeatsCount ( [3] )
2014-11-11 22:31:17 DEBUG http-8080-3 com.anucana.persistence.dao.UserEventDAOHibernate:26 -  <- getEventBookedSeatsCount() : 0 
2014-11-11 22:31:17 DEBUG http-8080-3 com.anucana.persistence.dao.UserEventDAOHibernate:19 -  -> findEnrolledUserEvents ( [3] )
2014-11-11 22:31:17 DEBUG http-8080-3 com.anucana.persistence.dao.UserEventDAOHibernate:26 -  <- findEnrolledUserEvents() : [com.anucana.persistence.entities.UserEventEntity@c59bc8ec, com.anucana.persistence.entities.UserEventEntity@eeaf27d] 
2014-11-11 22:31:17 DEBUG http-8080-3 com.anucana.validation.implementations.EventBookingValidator:26 -  <- getNumberOfAvailableSeats() : 45 
2014-11-11 22:31:17 DEBUG http-8080-3 com.anucana.services.EventService:26 -  <- getAvailableSeatsCount() : com.anucana.service.contracts.ServiceResponse@4fc4f5 
2014-11-11 22:31:17 DEBUG http-8080-3 com.anucana.web.controllers.BookingController:26 -  <- applyBookingDetails() : ModelAndView: reference to view with name 'bookEvent'; model is {communities=[com.anucana.value.objects.Community@195c14c, com.anucana.value.objects.Community@c5a1ea, com.anucana.value.objects.Community@1090e25, com.anucana.value.objects.Community@17fd3fc], events=[com.anucana.value.objects.Event@136472f], userBooking=com.anucana.value.objects.UserBooking@d08faa} 
2014-11-11 22:31:28 DEBUG http-8080-3 com.anucana.web.controllers.BookingController:19 -  -> showBookings ( [null, null] )
2014-11-11 22:31:28 DEBUG http-8080-3 com.anucana.web.common.WebConfigsProvider:19 -  -> getClientDetails ( [] )
2014-11-11 22:31:28 DEBUG http-8080-3 com.anucana.web.common.WebConfigsProvider:26 -  <- getClientDetails() : com.anucana.client.data.WebClientDetails@7a7ac5 
2014-11-11 22:31:28 DEBUG http-8080-3 com.anucana.services.BookingService:19 -  -> searchBookings ( [com.anucana.service.contracts.ServiceRequest@1dc51cb, com.anucana.web.user.data.WebUserDetails@ed8f27b2: Username: arv.sri.ggn@gmail.com; Password: [PROTECTED]; Enabled: true; AccountNonExpired: true; credentialsNonExpired: true; AccountNonLocked: true; Granted Authorities: ur_a,ur_cmo,ur_gu, com.anucana.client.data.WebClientDetails@7a7ac5] )
2014-11-11 22:31:28 DEBUG http-8080-3 com.anucana.persistence.dao.UserEventDAOHibernate:19 -  -> findAllByUser ( [1, ues_paid] )
2014-11-11 22:31:28 DEBUG http-8080-3 com.anucana.persistence.dao.UserEventDAOHibernate:26 -  <- findAllByUser() : [] 
2014-11-11 22:31:28 DEBUG http-8080-3 com.anucana.services.BookingService:26 -  <- searchBookings() : com.anucana.service.contracts.ServiceResponse@1ea7fbd 
2014-11-11 22:31:28 DEBUG http-8080-3 com.anucana.web.controllers.BookingController:26 -  <- showBookings() : ModelAndView: reference to view with name 'viewBookings'; model is {bookings=[], nextPage=false} 
2014-11-11 22:31:30 DEBUG http-8080-3 com.anucana.web.controllers.BookingController:19 -  -> bookEvent ( [com.anucana.value.objects.UserBooking@1bad596] )
2014-11-11 22:31:30 DEBUG http-8080-3 com.anucana.web.common.WebConfigsProvider:19 -  -> getClientDetails ( [] )
2014-11-11 22:31:30 DEBUG http-8080-3 com.anucana.web.common.WebConfigsProvider:26 -  <- getClientDetails() : com.anucana.client.data.WebClientDetails@193c476 
2014-11-11 22:31:30 DEBUG http-8080-3 com.anucana.services.UserProfileService:19 -  -> searchProfiles ( [com.anucana.service.contracts.ServiceRequest@c88805, com.anucana.web.user.data.WebUserDetails@ed8f27b2: Username: arv.sri.ggn@gmail.com; Password: [PROTECTED]; Enabled: true; AccountNonExpired: true; credentialsNonExpired: true; AccountNonLocked: true; Granted Authorities: ur_a,ur_cmo,ur_gu, com.anucana.client.data.WebClientDetails@193c476] )
2014-11-11 22:31:30 DEBUG http-8080-3 com.anucana.persistence.dao.UserLoginDAOHibernate:19 -  -> findById ( [1] )
2014-11-11 22:31:30 DEBUG http-8080-3 com.anucana.persistence.dao.UserLoginDAOHibernate:26 -  <- findById() : com.anucana.persistence.entities.UserLoginEntity@fb6a8d6 
2014-11-11 22:31:30 DEBUG http-8080-3 com.anucana.services.MultimediaService:19 -  -> getImages ( [com.anucana.service.contracts.ServiceRequest@12c04b1, com.anucana.web.user.data.WebUserDetails@ed8f27b2: Username: arv.sri.ggn@gmail.com; Password: [PROTECTED]; Enabled: true; AccountNonExpired: true; credentialsNonExpired: true; AccountNonLocked: true; Granted Authorities: ur_a,ur_cmo,ur_gu, com.anucana.client.data.WebClientDetails@193c476] )
2014-11-11 22:31:31 DEBUG http-8080-3 com.anucana.services.MultimediaService:26 -  <- getImages() : com.anucana.service.contracts.ServiceRequest@12c04b1 
2014-11-11 22:31:31 DEBUG http-8080-3 com.anucana.services.UserProfileService:26 -  <- searchProfiles() : com.anucana.service.contracts.ServiceResponse@dc907a 
2014-11-11 22:31:31 DEBUG http-8080-3 com.anucana.web.common.WebConfigsProvider:19 -  -> getClientDetails ( [] )
2014-11-11 22:31:31 DEBUG http-8080-3 com.anucana.web.common.WebConfigsProvider:26 -  <- getClientDetails() : com.anucana.client.data.WebClientDetails@fc0795 
2014-11-11 22:31:31 DEBUG http-8080-3 com.anucana.services.EventService:19 -  -> searchEvents ( [com.anucana.service.contracts.ServiceRequest@3cee0d, com.anucana.web.user.data.WebUserDetails@ed8f27b2: Username: arv.sri.ggn@gmail.com; Password: [PROTECTED]; Enabled: true; AccountNonExpired: true; credentialsNonExpired: true; AccountNonLocked: true; Granted Authorities: ur_a,ur_cmo,ur_gu, com.anucana.client.data.WebClientDetails@fc0795] )
2014-11-11 22:31:31 DEBUG http-8080-3 com.anucana.persistence.dao.EventDAOHibernate:19 -  -> findById ( [0] )
2014-11-11 22:31:31 DEBUG http-8080-3 com.anucana.persistence.dao.EventDAOHibernate:26 -  <- findById() : null 
2014-11-11 22:31:31 DEBUG http-8080-3 com.anucana.services.EventService:26 -  <- searchEvents() : com.anucana.service.contracts.ServiceResponse@a6bcec 
2014-11-11 22:31:31 DEBUG http-8080-3 com.anucana.web.common.WebConfigsProvider:19 -  -> getClientDetails ( [] )
2014-11-11 22:31:31 DEBUG http-8080-3 com.anucana.web.common.WebConfigsProvider:26 -  <- getClientDetails() : com.anucana.client.data.WebClientDetails@d150be 
2014-11-11 22:31:31 DEBUG http-8080-3 com.anucana.services.BookingService:19 -  -> applyBookingDetails ( [com.anucana.service.contracts.ServiceRequest@111a20c, com.anucana.web.user.data.WebUserDetails@ed8f27b2: Username: arv.sri.ggn@gmail.com; Password: [PROTECTED]; Enabled: true; AccountNonExpired: true; credentialsNonExpired: true; AccountNonLocked: true; Granted Authorities: ur_a,ur_cmo,ur_gu, com.anucana.client.data.WebClientDetails@d150be] )
2014-11-11 22:31:31 DEBUG http-8080-3 com.anucana.validation.implementations.EventBookingValidator:19 -  -> initialize ( [@com.anucana.validation.annotations.ValidEventBooking(message=, payload=[], groups=[interface com.anucana.validation.groups.NewBooking$BookingDetails])] )
2014-11-11 22:31:31 DEBUG http-8080-3 com.anucana.validation.implementations.EventBookingValidator:26 -  <- initialize() : null 
2014-11-11 22:31:31 DEBUG http-8080-3 com.anucana.validation.implementations.EventBookingValidator:19 -  -> isValid ( [com.anucana.value.objects.UserBooking@1bad596, org.hibernate.validator.engine.ConstraintValidatorContextImpl@102ab48] )
2014-11-11 22:31:31 DEBUG http-8080-3 com.anucana.persistence.dao.EventDAOHibernate:19 -  -> findById ( [0] )
2014-11-11 22:31:31 DEBUG http-8080-3 com.anucana.persistence.dao.EventDAOHibernate:26 -  <- findById() : null 
2014-11-11 22:31:31 DEBUG http-8080-3 com.anucana.validation.implementations.EventBookingValidator:26 -  <- isValid() : false 
2014-11-11 22:31:31 DEBUG http-8080-3 com.anucana.validation.implementations.UserBookingValidator:19 -  -> initialize ( [@com.anucana.validation.annotations.ValidUserBooking(message=, payload=[], groups=[interface com.anucana.validation.groups.NewBooking$BookingDetails])] )
2014-11-11 22:31:31 DEBUG http-8080-3 com.anucana.validation.implementations.UserBookingValidator:26 -  <- initialize() : null 
2014-11-11 22:31:31 DEBUG http-8080-3 com.anucana.validation.implementations.UserBookingValidator:19 -  -> isValid ( [com.anucana.value.objects.UserBooking@1bad596, org.hibernate.validator.engine.ConstraintValidatorContextImpl@12a15d3] )
2014-11-11 22:31:31 DEBUG http-8080-3 com.anucana.validation.implementations.UserBookingValidator:26 -  <- isValid() : false 
2014-11-11 22:31:31 DEBUG http-8080-3 com.anucana.services.BookingService:26 -  <- applyBookingDetails() : com.anucana.service.contracts.ServiceRequest@111a20c 
2014-11-11 22:31:31 DEBUG http-8080-3 com.anucana.web.common.WebConfigsProvider:19 -  -> getClientDetails ( [] )
2014-11-11 22:31:31 DEBUG http-8080-3 com.anucana.web.common.WebConfigsProvider:26 -  <- getClientDetails() : com.anucana.client.data.WebClientDetails@d5cfd6 
2014-11-11 22:31:31 DEBUG http-8080-3 com.anucana.services.CommunityService:19 -  -> searchCommunities ( [com.anucana.service.contracts.ServiceRequest@1281b8c, com.anucana.web.user.data.WebUserDetails@ed8f27b2: Username: arv.sri.ggn@gmail.com; Password: [PROTECTED]; Enabled: true; AccountNonExpired: true; credentialsNonExpired: true; AccountNonLocked: true; Granted Authorities: ur_a,ur_cmo,ur_gu, com.anucana.client.data.WebClientDetails@d5cfd6] )
2014-11-11 22:31:31 DEBUG http-8080-3 com.anucana.persistence.dao.CommunityDAOHibernate:19 -  -> findAll ( [] )
2014-11-11 22:31:31 DEBUG http-8080-3 com.anucana.persistence.dao.CommunityDAOHibernate:26 -  <- findAll() : [com.anucana.persistence.entities.CommunityEntity@6c7cf4ba, com.anucana.persistence.entities.CommunityEntity@ba95e297, com.anucana.persistence.entities.CommunityEntity@5f5e799, com.anucana.persistence.entities.CommunityEntity@6f7e828] 
2014-11-11 22:31:31 DEBUG http-8080-3 com.anucana.persistence.dao.CommunityDAOHibernate:19 -  -> findById ( [1] )
2014-11-11 22:31:31 DEBUG http-8080-3 com.anucana.persistence.dao.CommunityDAOHibernate:26 -  <- findById() : com.anucana.persistence.entities.CommunityEntity@6c7cf4ba 
2014-11-11 22:31:31 DEBUG http-8080-3 com.anucana.persistence.dao.CommunityDAOHibernate:19 -  -> findById ( [2] )
2014-11-11 22:31:31 DEBUG http-8080-3 com.anucana.persistence.dao.CommunityDAOHibernate:26 -  <- findById() : com.anucana.persistence.entities.CommunityEntity@ba95e297 
2014-11-11 22:31:31 DEBUG http-8080-3 com.anucana.persistence.dao.CommunityDAOHibernate:19 -  -> findById ( [3] )
2014-11-11 22:31:31 DEBUG http-8080-3 com.anucana.persistence.dao.CommunityDAOHibernate:26 -  <- findById() : com.anucana.persistence.entities.CommunityEntity@5f5e799 
2014-11-11 22:31:31 DEBUG http-8080-3 com.anucana.persistence.dao.CommunityDAOHibernate:19 -  -> findById ( [4] )
2014-11-11 22:31:31 DEBUG http-8080-3 com.anucana.persistence.dao.CommunityDAOHibernate:26 -  <- findById() : com.anucana.persistence.entities.CommunityEntity@6f7e828 
2014-11-11 22:31:31 DEBUG http-8080-3 com.anucana.services.CommunityService:26 -  <- searchCommunities() : com.anucana.service.contracts.ServiceResponse@9d4b24 
2014-11-11 22:31:31 DEBUG http-8080-3 com.anucana.web.controllers.BookingController:26 -  <- bookEvent() : ModelAndView: reference to view with name 'bookEvent'; model is {org.springframework.validation.BindingResult.userBooking=org.springframework.validation.BeanPropertyBindingResult: 1 errors
Error in object 'userBooking': codes [ValidEventBooking.userBooking,ValidEventBooking]; arguments [org.springframework.context.support.DefaultMessageSourceResolvable: codes [userBooking.,]; arguments []; default message []]; default message [], communities=[com.anucana.value.objects.Community@f3a6e, com.anucana.value.objects.Community@1c51a26, com.anucana.value.objects.Community@137cb3d, com.anucana.value.objects.Community@1eba], userBooking=com.anucana.value.objects.UserBooking@1bad596} 
2014-11-11 22:33:20 DEBUG http-8080-3 com.anucana.web.controllers.EventController:19 -  -> showEventsHome ( [com.anucana.value.objects.EventSearch@b9cb99] )
2014-11-11 22:33:20 DEBUG http-8080-3 com.anucana.web.common.WebConfigsProvider:19 -  -> getClientDetails ( [] )
2014-11-11 22:33:20 DEBUG http-8080-3 com.anucana.web.common.WebConfigsProvider:26 -  <- getClientDetails() : com.anucana.client.data.WebClientDetails@1581b8c 
2014-11-11 22:33:20 DEBUG http-8080-3 com.anucana.services.EventService:19 -  -> getAllEventAddresses ( [com.anucana.web.user.data.WebUserDetails@ed8f27b2: Username: arv.sri.ggn@gmail.com; Password: [PROTECTED]; Enabled: true; AccountNonExpired: true; credentialsNonExpired: true; AccountNonLocked: true; Granted Authorities: ur_a,ur_cmo,ur_gu, com.anucana.client.data.WebClientDetails@1581b8c] )
2014-11-11 22:33:20 DEBUG http-8080-3 com.anucana.persistence.dao.EventDAOHibernate:19 -  -> findAll ( [] )
2014-11-11 22:33:20 DEBUG http-8080-3 com.anucana.persistence.dao.EventDAOHibernate:26 -  <- findAll() : [com.anucana.persistence.entities.EventEntity@67286b17, com.anucana.persistence.entities.EventEntity@5eb800ad, com.anucana.persistence.entities.EventEntity@96195fbf, com.anucana.persistence.entities.EventEntity@13d9de4b] 
2014-11-11 22:33:20 DEBUG http-8080-3 com.anucana.persistence.dao.EventDAOHibernate:19 -  -> findById ( [3] )
2014-11-11 22:33:20 DEBUG http-8080-3 com.anucana.persistence.dao.EventDAOHibernate:26 -  <- findById() : com.anucana.persistence.entities.EventEntity@67286b17 
2014-11-11 22:33:20 DEBUG http-8080-3 com.anucana.persistence.dao.EventDAOHibernate:19 -  -> findById ( [1] )
2014-11-11 22:33:20 DEBUG http-8080-3 com.anucana.persistence.dao.EventDAOHibernate:26 -  <- findById() : com.anucana.persistence.entities.EventEntity@5eb800ad 
2014-11-11 22:33:20 DEBUG http-8080-3 com.anucana.persistence.dao.EventDAOHibernate:19 -  -> findById ( [2] )
2014-11-11 22:33:20 DEBUG http-8080-3 com.anucana.persistence.dao.EventDAOHibernate:26 -  <- findById() : com.anucana.persistence.entities.EventEntity@96195fbf 
2014-11-11 22:33:20 DEBUG http-8080-3 com.anucana.persistence.dao.EventDAOHibernate:19 -  -> findById ( [4] )
2014-11-11 22:33:20 DEBUG http-8080-3 com.anucana.persistence.dao.EventDAOHibernate:26 -  <- findById() : com.anucana.persistence.entities.EventEntity@13d9de4b 
2014-11-11 22:33:20 DEBUG http-8080-3 com.anucana.services.EventService:26 -  <- getAllEventAddresses() : com.anucana.service.contracts.ServiceResponse@1191d29 
2014-11-11 22:33:20 DEBUG http-8080-3 com.anucana.web.common.WebConfigsProvider:19 -  -> getClientDetails ( [] )
2014-11-11 22:33:20 DEBUG http-8080-3 com.anucana.web.common.WebConfigsProvider:26 -  <- getClientDetails() : com.anucana.client.data.WebClientDetails@1106993 
2014-11-11 22:33:20 DEBUG http-8080-3 com.anucana.services.CommunityService:19 -  -> searchCommunities ( [com.anucana.service.contracts.ServiceRequest@5655d3, com.anucana.web.user.data.WebUserDetails@ed8f27b2: Username: arv.sri.ggn@gmail.com; Password: [PROTECTED]; Enabled: true; AccountNonExpired: true; credentialsNonExpired: true; AccountNonLocked: true; Granted Authorities: ur_a,ur_cmo,ur_gu, com.anucana.client.data.WebClientDetails@1106993] )
2014-11-11 22:33:20 DEBUG http-8080-3 com.anucana.persistence.dao.CommunityDAOHibernate:19 -  -> findAll ( [] )
2014-11-11 22:33:20 DEBUG http-8080-3 com.anucana.persistence.dao.CommunityDAOHibernate:26 -  <- findAll() : [com.anucana.persistence.entities.CommunityEntity@8bb6518b, com.anucana.persistence.entities.CommunityEntity@cba62d9b, com.anucana.persistence.entities.CommunityEntity@5842e3e2, com.anucana.persistence.entities.CommunityEntity@d1196167] 
2014-11-11 22:33:20 DEBUG http-8080-3 com.anucana.persistence.dao.CommunityDAOHibernate:19 -  -> findById ( [1] )
2014-11-11 22:33:20 DEBUG http-8080-3 com.anucana.persistence.dao.CommunityDAOHibernate:26 -  <- findById() : com.anucana.persistence.entities.CommunityEntity@8bb6518b 
2014-11-11 22:33:20 DEBUG http-8080-3 com.anucana.persistence.dao.CommunityDAOHibernate:19 -  -> findById ( [2] )
2014-11-11 22:33:20 DEBUG http-8080-3 com.anucana.persistence.dao.CommunityDAOHibernate:26 -  <- findById() : com.anucana.persistence.entities.CommunityEntity@cba62d9b 
2014-11-11 22:33:20 DEBUG http-8080-3 com.anucana.persistence.dao.CommunityDAOHibernate:19 -  -> findById ( [3] )
2014-11-11 22:33:20 DEBUG http-8080-3 com.anucana.persistence.dao.CommunityDAOHibernate:26 -  <- findById() : com.anucana.persistence.entities.CommunityEntity@5842e3e2 
2014-11-11 22:33:20 DEBUG http-8080-3 com.anucana.persistence.dao.CommunityDAOHibernate:19 -  -> findById ( [4] )
2014-11-11 22:33:20 DEBUG http-8080-3 com.anucana.persistence.dao.CommunityDAOHibernate:26 -  <- findById() : com.anucana.persistence.entities.CommunityEntity@d1196167 
2014-11-11 22:33:20 DEBUG http-8080-3 com.anucana.services.CommunityService:26 -  <- searchCommunities() : com.anucana.service.contracts.ServiceResponse@275564 
2014-11-11 22:33:20 DEBUG http-8080-3 com.anucana.web.common.WebConfigsProvider:19 -  -> getClientDetails ( [] )
2014-11-11 22:33:20 DEBUG http-8080-3 com.anucana.web.common.WebConfigsProvider:26 -  <- getClientDetails() : com.anucana.client.data.WebClientDetails@1733273 
2014-11-11 22:33:20 DEBUG http-8080-3 com.anucana.services.EventService:19 -  -> searchEvents ( [com.anucana.service.contracts.ServiceRequest@1abbc4b, com.anucana.web.user.data.WebUserDetails@ed8f27b2: Username: arv.sri.ggn@gmail.com; Password: [PROTECTED]; Enabled: true; AccountNonExpired: true; credentialsNonExpired: true; AccountNonLocked: true; Granted Authorities: ur_a,ur_cmo,ur_gu, com.anucana.client.data.WebClientDetails@1733273] )
2014-11-11 22:33:20 DEBUG http-8080-3 com.anucana.persistence.dao.EventDAOHibernate:19 -  -> findConditionally ( [0, 0, Tue Nov 11 22:33:20 IST 2014, Thu Dec 11 22:33:20 IST 2014] )
2014-11-11 22:33:20 DEBUG http-8080-3 com.anucana.persistence.dao.EventDAOHibernate:26 -  <- findConditionally() : [com.anucana.persistence.entities.EventEntity@97e2f0ef, com.anucana.persistence.entities.EventEntity@935dab18, com.anucana.persistence.entities.EventEntity@cabf0a2a, com.anucana.persistence.entities.EventEntity@5ef70008] 
2014-11-11 22:33:20 DEBUG http-8080-3 com.anucana.persistence.dao.EventDAOHibernate:19 -  -> findById ( [3] )
2014-11-11 22:33:20 DEBUG http-8080-3 com.anucana.persistence.dao.EventDAOHibernate:26 -  <- findById() : com.anucana.persistence.entities.EventEntity@97e2f0ef 
2014-11-11 22:33:20 DEBUG http-8080-3 com.anucana.persistence.dao.EventDAOHibernate:19 -  -> findById ( [1] )
2014-11-11 22:33:20 DEBUG http-8080-3 com.anucana.persistence.dao.EventDAOHibernate:26 -  <- findById() : com.anucana.persistence.entities.EventEntity@935dab18 
2014-11-11 22:33:20 DEBUG http-8080-3 com.anucana.persistence.dao.EventDAOHibernate:19 -  -> findById ( [2] )
2014-11-11 22:33:20 DEBUG http-8080-3 com.anucana.persistence.dao.EventDAOHibernate:26 -  <- findById() : com.anucana.persistence.entities.EventEntity@cabf0a2a 
2014-11-11 22:33:20 DEBUG http-8080-3 com.anucana.persistence.dao.EventDAOHibernate:19 -  -> findById ( [4] )
2014-11-11 22:33:20 DEBUG http-8080-3 com.anucana.persistence.dao.EventDAOHibernate:26 -  <- findById() : com.anucana.persistence.entities.EventEntity@5ef70008 
2014-11-11 22:33:20 DEBUG http-8080-3 com.anucana.services.MultimediaService:19 -  -> getImages ( [com.anucana.service.contracts.ServiceRequest@7e6024, com.anucana.web.user.data.WebUserDetails@ed8f27b2: Username: arv.sri.ggn@gmail.com; Password: [PROTECTED]; Enabled: true; AccountNonExpired: true; credentialsNonExpired: true; AccountNonLocked: true; Granted Authorities: ur_a,ur_cmo,ur_gu, com.anucana.client.data.WebClientDetails@1733273] )
2014-11-11 22:33:21 DEBUG http-8080-3 com.anucana.services.MultimediaService:26 -  <- getImages() : com.anucana.service.contracts.ServiceRequest@7e6024 
2014-11-11 22:33:21 DEBUG http-8080-3 com.anucana.services.MultimediaService:19 -  -> getImages ( [com.anucana.service.contracts.ServiceRequest@15ad219, com.anucana.web.user.data.WebUserDetails@ed8f27b2: Username: arv.sri.ggn@gmail.com; Password: [PROTECTED]; Enabled: true; AccountNonExpired: true; credentialsNonExpired: true; AccountNonLocked: true; Granted Authorities: ur_a,ur_cmo,ur_gu, com.anucana.client.data.WebClientDetails@1733273] )
2014-11-11 22:33:21 DEBUG http-8080-3 com.anucana.services.MultimediaService:26 -  <- getImages() : com.anucana.service.contracts.ServiceRequest@15ad219 
2014-11-11 22:33:21 DEBUG http-8080-3 com.anucana.services.MultimediaService:19 -  -> getImages ( [com.anucana.service.contracts.ServiceRequest@1b117f0, com.anucana.web.user.data.WebUserDetails@ed8f27b2: Username: arv.sri.ggn@gmail.com; Password: [PROTECTED]; Enabled: true; AccountNonExpired: true; credentialsNonExpired: true; AccountNonLocked: true; Granted Authorities: ur_a,ur_cmo,ur_gu, com.anucana.client.data.WebClientDetails@1733273] )
2014-11-11 22:33:22 DEBUG http-8080-3 com.anucana.services.MultimediaService:26 -  <- getImages() : com.anucana.service.contracts.ServiceRequest@1b117f0 
2014-11-11 22:33:22 DEBUG http-8080-3 com.anucana.services.MultimediaService:19 -  -> getImages ( [com.anucana.service.contracts.ServiceRequest@36d59a, com.anucana.web.user.data.WebUserDetails@ed8f27b2: Username: arv.sri.ggn@gmail.com; Password: [PROTECTED]; Enabled: true; AccountNonExpired: true; credentialsNonExpired: true; AccountNonLocked: true; Granted Authorities: ur_a,ur_cmo,ur_gu, com.anucana.client.data.WebClientDetails@1733273] )
2014-11-11 22:33:22 DEBUG http-8080-3 com.anucana.services.MultimediaService:26 -  <- getImages() : com.anucana.service.contracts.ServiceRequest@36d59a 
2014-11-11 22:33:22 DEBUG http-8080-3 com.anucana.services.EventService:26 -  <- searchEvents() : com.anucana.service.contracts.ServiceResponse@9f9a19 
2014-11-11 22:33:22 DEBUG http-8080-3 com.anucana.web.controllers.EventController:26 -  <- showEventsHome() : ModelAndView: reference to view with name 'eventsHome'; model is {addresses=[com.anucana.value.objects.Address@490a12], communities=[com.anucana.value.objects.Community@1342a0b, com.anucana.value.objects.Community@1b43ff9, com.anucana.value.objects.Community@d409d2, com.anucana.value.objects.Community@d0f7f7], events=[com.anucana.value.objects.Event@1478e10, com.anucana.value.objects.Event@bfd4b0, com.anucana.value.objects.Event@247039, com.anucana.value.objects.Event@43ae41], eventSearch=com.anucana.value.objects.EventSearch@b9cb99, nextPage=false} 
